Using pre-set license
Built from '2021.3/staging' branch; Version is '2021.3.9f1 (ad3870b89536) revision 11352176'; Using compiler version '192829333'; Build Type 'Release'
OS: 'Windows 10  (10.0.19044) 64bit CoreSingleLanguage' Language: 'ru' Physical Memory: 16196 MB
BatchMode: 1, IsHumanControllingUs: 0, StartBugReporterOnCrash: 0, Is64bit: 1, IsPro: 1

COMMAND LINE ARGUMENTS:
C:\Program Files\Unity\Hub\Editor\2021.3.9f1\Editor\Unity.exe
-adb2
-batchMode
-noUpm
-name
AssetImportWorker0
-projectPath
D:/Projects/Unity/My project
-logFile
Logs/AssetImportWorker0.log
-srvPort
50187
Successfully changed project path to: D:/Projects/Unity/My project
D:/Projects/Unity/My project
[UnityMemory] Configuration Parameters - Can be set up in boot.config
    "memorysetup-bucket-allocator-granularity=16"
    "memorysetup-bucket-allocator-bucket-count=8"
    "memorysetup-bucket-allocator-block-size=33554432"
    "memorysetup-bucket-allocator-block-count=8"
    "memorysetup-main-allocator-block-size=16777216"
    "memorysetup-thread-allocator-block-size=16777216"
    "memorysetup-gfx-main-allocator-block-size=16777216"
    "memorysetup-gfx-thread-allocator-block-size=16777216"
    "memorysetup-cache-allocator-block-size=4194304"
    "memorysetup-typetree-allocator-block-size=2097152"
    "memorysetup-profiler-bucket-allocator-granularity=16"
    "memorysetup-profiler-bucket-allocator-bucket-count=8"
    "memorysetup-profiler-bucket-allocator-block-size=33554432"
    "memorysetup-profiler-bucket-allocator-block-count=8"
    "memorysetup-profiler-allocator-block-size=16777216"
    "memorysetup-profiler-editor-allocator-block-size=1048576"
    "memorysetup-temp-allocator-size-main=16777216"
    "memorysetup-job-temp-allocator-block-size=2097152"
    "memorysetup-job-temp-allocator-block-size-background=1048576"
    "memorysetup-job-temp-allocator-reduction-small-platforms=262144"
    "memorysetup-temp-allocator-size-background-worker=32768"
    "memorysetup-temp-allocator-size-job-worker=262144"
    "memorysetup-temp-allocator-size-preload-manager=33554432"
    "memorysetup-temp-allocator-size-nav-mesh-worker=65536"
    "memorysetup-temp-allocator-size-audio-worker=65536"
    "memorysetup-temp-allocator-size-cloud-worker=32768"
    "memorysetup-temp-allocator-size-gi-baking-worker=262144"
    "memorysetup-temp-allocator-size-gfx=262144"
Refreshing native plugins compatible for Editor in 189.94 ms, found 4 plugins.
Preloading 0 native plugins for Editor in 0.00 ms.
Initialize engine version: 2021.3.9f1 (ad3870b89536)
[Subsystems] Discovering subsystems at path C:/Program Files/Unity/Hub/Editor/2021.3.9f1/Editor/Data/Resources/UnitySubsystems
[Subsystems] Discovering subsystems at path D:/Projects/Unity/My project/Assets
GfxDevice: creating device client; threaded=0; jobified=0
Direct3D:
    Version:  Direct3D 11.0 [level 11.1]
    Renderer: NVIDIA GeForce RTX 2070 with Max-Q Design (ID=0x1f10)
    Vendor:   NVIDIA
    VRAM:     8019 MB
    Driver:   31.0.15.2756
Initialize mono
Mono path[0] = 'C:/Program Files/Unity/Hub/Editor/2021.3.9f1/Editor/Data/Managed'
Mono path[1] = 'C:/Program Files/Unity/Hub/Editor/2021.3.9f1/Editor/Data/MonoBleedingEdge/lib/mono/unityjit-win32'
Mono config path = 'C:/Program Files/Unity/Hub/Editor/2021.3.9f1/Editor/Data/MonoBleedingEdge/etc'
Using monoOptions --debugger-agent=transport=dt_socket,embedding=1,server=y,suspend=n,address=127.0.0.1:56360
Begin MonoManager ReloadAssembly
Registering precompiled unity dll's ...
Register platform support module: C:/Program Files/Unity/Hub/Editor/2021.3.9f1/Editor/Data/PlaybackEngines/AndroidPlayer/UnityEditor.Android.Extensions.dll
Register platform support module: C:/Program Files/Unity/Hub/Editor/2021.3.9f1/Editor/Data/PlaybackEngines/WindowsStandaloneSupport/UnityEditor.WindowsStandalone.Extensions.dll
Registered in 0.015250 seconds.
Native extension for WindowsStandalone target not found
Native extension for Android target not found
Refreshing native plugins compatible for Editor in 155.10 ms, found 4 plugins.
Preloading 0 native plugins for Editor in 0.00 ms.
Mono: successfully reloaded assembly
- Completed reload, in  1.184 seconds
Domain Reload Profiling:
	ReloadAssembly (1185ms)
		BeginReloadAssembly (122ms)
			ExecutionOrderSort (0ms)
			DisableScriptedObjects (0ms)
			BackupInstance (0ms)
			ReleaseScriptingObjects (0ms)
			CreateAndSetChildDomain (1ms)
		EndReloadAssembly (857ms)
			LoadAssemblies (118ms)
			RebuildTransferFunctionScriptingTraits (0ms)
			SetupTypeCache (202ms)
			ReleaseScriptCaches (0ms)
			RebuildScriptCaches (50ms)
			SetupLoadedEditorAssemblies (511ms)
				LogAssemblyErrors (0ms)
				InitializePlatformSupportModulesInManaged (97ms)
				SetLoadedEditorAssemblies (0ms)
				RefreshPlugins (155ms)
				BeforeProcessingInitializeOnLoad (2ms)
				ProcessInitializeOnLoadAttributes (162ms)
				ProcessInitializeOnLoadMethodAttributes (94ms)
				AfterProcessingInitializeOnLoad (0ms)
				EditorAssembliesLoaded (0ms)
			ExecutionOrderSort2 (0ms)
			AwakeInstancesAfterBackupRestoration (0ms)
Platform modules already initialized, skipping
Registering precompiled user dll's ...
Registered in 0.010541 seconds.
Begin MonoManager ReloadAssembly
Symbol file LoadedFromMemory doesn't match image D:\Projects\Unity\My project\Library\PackageCache\com.unity.visualscripting@1.7.8\Editor\VisualScripting.Core\Dependencies\YamlDotNet\Unity.VisualScripting.YamlDotNet.dll
Symbol file LoadedFromMemory doesn't match image D:\Projects\Unity\My project\Library\PackageCache\com.unity.visualscripting@1.7.8\Editor\VisualScripting.Core\Dependencies\DotNetZip\Unity.VisualScripting.IonicZip.dll
Native extension for WindowsStandalone target not found
Native extension for Android target not found
Refreshing native plugins compatible for Editor in 3.68 ms, found 4 plugins.
Preloading 0 native plugins for Editor in 0.00 ms.
System.Reflection.TargetException: Non-static method requires a target.
  at System.Reflection.RuntimeMethodInfo.Invoke (System.Object obj, System.Reflection.BindingFlags invokeAttr, System.Reflection.Binder binder, System.Object[] parameters, System.Globalization.CultureInfo culture) [0x00019] in <9aad1b3a47484d63ba2b3985692d80e9>:0 
  at System.Reflection.MethodBase.Invoke (System.Object obj, System.Object[] parameters) [0x00000] in <9aad1b3a47484d63ba2b3985692d80e9>:0 
  at UnityEditor.EditorAssemblies.ProcessInitializeOnLoadMethodAttributes () [0x000a5] in <0d6ce211ebbc47e1a35a84c3672ff58f>:0 
UnityEngine.StackTraceUtility:ExtractStackTrace ()
UnityEngine.DebugLogHandler:LogFormat (UnityEngine.LogType,UnityEngine.Object,string,object[])
UnityEngine.Logger:Log (UnityEngine.LogType,object)
UnityEngine.Debug:LogError (object)
UnityEditor.EditorAssemblies:ProcessInitializeOnLoadMethodAttributes ()

Mono: successfully reloaded assembly
Package Manager log level set to [2]
- Completed reload, in  3.150 seconds
Domain Reload Profiling:
	ReloadAssembly (3152ms)
		BeginReloadAssembly (344ms)
			ExecutionOrderSort (0ms)
			DisableScriptedObjects (15ms)
			BackupInstance (0ms)
			ReleaseScriptingObjects (0ms)
			CreateAndSetChildDomain (150ms)
		EndReloadAssembly (2365ms)
			LoadAssemblies (164ms)
			RebuildTransferFunctionScriptingTraits (0ms)
			SetupTypeCache (668ms)
			ReleaseScriptCaches (1ms)
			RebuildScriptCaches (191ms)
			SetupLoadedEditorAssemblies (1177ms)
				LogAssemblyErrors (0ms)
				InitializePlatformSupportModulesInManaged (46ms)
				SetLoadedEditorAssemblies (2ms)
				RefreshPlugins (4ms)
				BeforeProcessingInitializeOnLoad (260ms)
				ProcessInitializeOnLoadAttributes (755ms)
				ProcessInitializeOnLoadMethodAttributes (90ms)
				AfterProcessingInitializeOnLoad (20ms)
				EditorAssembliesLoaded (1ms)
			ExecutionOrderSort2 (0ms)
			AwakeInstancesAfterBackupRestoration (16ms)
Platform modules already initialized, skipping
========================================================================
Worker process is ready to serve import requests
Launched and connected shader compiler UnityShaderCompiler.exe after 0.12 seconds
Refreshing native plugins compatible for Editor in 1.28 ms, found 4 plugins.
Preloading 0 native plugins for Editor in 0.00 ms.
Unloading 3870 Unused Serialized files (Serialized files now loaded: 0)
Unloading 58 unused Assets / (157.8 KB). Loaded Objects now: 4339.
Memory consumption went from 146.3 MB to 146.1 MB.
Total: 6.148700 ms (FindLiveObjects: 0.580700 ms CreateObjectMapping: 0.476500 ms MarkObjects: 4.852700 ms  DeleteObjects: 0.237100 ms)

AssetImportParameters requested are different than current active one (requested -> active):
  custom:video-decoder-ogg-theora: a1e56fd34408186e4bbccfd4996cb3dc -> 
  custom:container-muxer-webm: aa71ff27fc2769a1b78a27578f13a17b -> 
  custom:container-demuxer-webm: 4f35f7cbe854078d1ac9338744f61a02 -> 
  custom:video-encoder-webm-vp8: eb34c28f22e8b96e1ab97ce403110664 -> 
  custom:video-codec-MediaFoundation-h265: 746d11721c4dcdbdad8f713fa42b33f4 -> 
  custom:audio-encoder-webm-vorbis: bf7c407c2cedff20999df2af8eb42d56 -> 
  custom:framework-win-MediaFoundation: 216162199b28c13a410421893ffa2e32 -> 
  custom:container-demuxer-ogg: 62fdf1f143b41e24485cea50d1cbac27 -> 
  custom:video-decoder-webm-vp8: 9c59270c3fd7afecdb556c50c9e8de78 -> 
  custom:audio-decoder-ogg-vorbis: bf7c407c2cedff20999df2af8eb42d56 -> 
========================================================================
Received Import Request.
  Time since last request: 26899.474465 seconds.
  path: Assets/Scenes/Prefabs/TutorialTrigger.prefab
  artifactKey: Guid(3df6e3e4aeb207a4ba9a82224b451d3f) Importer(815301076,1909f56bfc062723c751e8b465ee728b)
Start importing Assets/Scenes/Prefabs/TutorialTrigger.prefab using Guid(3df6e3e4aeb207a4ba9a82224b451d3f) Importer(815301076,1909f56bfc062723c751e8b465ee728b)  -> (artifact id: '134bd4b8a349518c9b79453ad2e3744a') in 0.233464 seconds 
========================================================================
Received Import Request.
  Time since last request: 10.066736 seconds.
  path: Assets/Scenes/Prefabs/question.fbx
  artifactKey: Guid(385b31c7a941d204f9ccc4fafea97fe6) Importer(815301076,1909f56bfc062723c751e8b465ee728b)
Start importing Assets/Scenes/Prefabs/question.fbx using Guid(385b31c7a941d204f9ccc4fafea97fe6) Importer(815301076,1909f56bfc062723c751e8b465ee728b)  -> (artifact id: '50e6077a29fce7e7c49d9ee7e90ec35e') in 0.088406 seconds 
========================================================================
Received Import Request.
  Time since last request: 5.016107 seconds.
  path: Assets/Scenes/Prefabs/TutorialTrigger.prefab
  artifactKey: Guid(3df6e3e4aeb207a4ba9a82224b451d3f) Importer(815301076,1909f56bfc062723c751e8b465ee728b)
Start importing Assets/Scenes/Prefabs/TutorialTrigger.prefab using Guid(3df6e3e4aeb207a4ba9a82224b451d3f) Importer(815301076,1909f56bfc062723c751e8b465ee728b)  -> (artifact id: '0beb43a22869c84f7d59ff6132f8a23b') in 0.026516 seconds 
========================================================================
Received Import Request.
  Time since last request: 1.888724 seconds.
  path: Assets/Scenes/Prefabs/TutorialTrigger.prefab
  artifactKey: Guid(3df6e3e4aeb207a4ba9a82224b451d3f) Importer(815301076,1909f56bfc062723c751e8b465ee728b)
Start importing Assets/Scenes/Prefabs/TutorialTrigger.prefab using Guid(3df6e3e4aeb207a4ba9a82224b451d3f) Importer(815301076,1909f56bfc062723c751e8b465ee728b)  -> (artifact id: 'e41fc27a0e4abe0dd0980de9a2480277') in 0.027427 seconds 
========================================================================
Received Import Request.
  Time since last request: 0.614926 seconds.
  path: Assets/Scenes/Prefabs/TutorialTrigger.prefab
  artifactKey: Guid(3df6e3e4aeb207a4ba9a82224b451d3f) Importer(815301076,1909f56bfc062723c751e8b465ee728b)
Start importing Assets/Scenes/Prefabs/TutorialTrigger.prefab using Guid(3df6e3e4aeb207a4ba9a82224b451d3f) Importer(815301076,1909f56bfc062723c751e8b465ee728b)  -> (artifact id: 'e5418b54c9c126d4fa562b68bf8890f6') in 0.024977 seconds 
========================================================================
Received Import Request.
  Time since last request: 15.779263 seconds.
  path: Assets/Scenes/Prefabs/TutorialTrigger.prefab
  artifactKey: Guid(3df6e3e4aeb207a4ba9a82224b451d3f) Importer(815301076,1909f56bfc062723c751e8b465ee728b)
Start importing Assets/Scenes/Prefabs/TutorialTrigger.prefab using Guid(3df6e3e4aeb207a4ba9a82224b451d3f) Importer(815301076,1909f56bfc062723c751e8b465ee728b)  -> (artifact id: '60389e058936b1b50a67ec914d86693d') in 0.025976 seconds 
========================================================================
Received Import Request.
  Time since last request: 50.613072 seconds.
  path: Assets/Scenes/Prefabs/TutorialTrigger.prefab
  artifactKey: Guid(3df6e3e4aeb207a4ba9a82224b451d3f) Importer(815301076,1909f56bfc062723c751e8b465ee728b)
Start importing Assets/Scenes/Prefabs/TutorialTrigger.prefab using Guid(3df6e3e4aeb207a4ba9a82224b451d3f) Importer(815301076,1909f56bfc062723c751e8b465ee728b)  -> (artifact id: '25d09bec2f230e46deb399e3b16fcf54') in 0.025355 seconds 
========================================================================
Received Import Request.
  Time since last request: 5.042770 seconds.
  path: Assets/Scenes/Prefabs/question.fbx
  artifactKey: Guid(385b31c7a941d204f9ccc4fafea97fe6) Importer(815301076,1909f56bfc062723c751e8b465ee728b)
Start importing Assets/Scenes/Prefabs/question.fbx using Guid(385b31c7a941d204f9ccc4fafea97fe6) Importer(815301076,1909f56bfc062723c751e8b465ee728b)  -> (artifact id: '7ea5fbd77e7ff15cf37bf52e99a2f0b9') in 0.086109 seconds 
========================================================================
Received Import Request.
  Time since last request: 3.476051 seconds.
  path: Assets/Invector-3rdPersonController/Basic Locomotion/3D Models/Others/Materials/No Name.mat
  artifactKey: Guid(fba114e7c3c691d48a621046ed93efab) Importer(815301076,1909f56bfc062723c751e8b465ee728b)
Start importing Assets/Invector-3rdPersonController/Basic Locomotion/3D Models/Others/Materials/No Name.mat using Guid(fba114e7c3c691d48a621046ed93efab) Importer(815301076,1909f56bfc062723c751e8b465ee728b)  -> (artifact id: '92f609da08be76c4177b210a4ff449c6') in 0.027207 seconds 
========================================================================
Received Import Request.
  Time since last request: 5.472726 seconds.
  path: Assets/Scenes/Prefabs/question.fbx
  artifactKey: Guid(385b31c7a941d204f9ccc4fafea97fe6) Importer(815301076,1909f56bfc062723c751e8b465ee728b)
Start importing Assets/Scenes/Prefabs/question.fbx using Guid(385b31c7a941d204f9ccc4fafea97fe6) Importer(815301076,1909f56bfc062723c751e8b465ee728b)  -> (artifact id: 'a1457f43ba4cad1023e4695bbb02ba50') in 0.053818 seconds 
========================================================================
Received Import Request.
  Time since last request: 12.627330 seconds.
  path: Assets/Scenes/Prefabs/TutorialTrigger.prefab
  artifactKey: Guid(3df6e3e4aeb207a4ba9a82224b451d3f) Importer(815301076,1909f56bfc062723c751e8b465ee728b)
Start importing Assets/Scenes/Prefabs/TutorialTrigger.prefab using Guid(3df6e3e4aeb207a4ba9a82224b451d3f) Importer(815301076,1909f56bfc062723c751e8b465ee728b)  -> (artifact id: '7bff49285d716f18950d72f6bef8878d') in 0.026444 seconds 
========================================================================
Received Import Request.
  Time since last request: 11.129258 seconds.
  path: Assets/Scenes/Prefabs/TutorialTrigger.prefab
  artifactKey: Guid(3df6e3e4aeb207a4ba9a82224b451d3f) Importer(815301076,1909f56bfc062723c751e8b465ee728b)
Start importing Assets/Scenes/Prefabs/TutorialTrigger.prefab using Guid(3df6e3e4aeb207a4ba9a82224b451d3f) Importer(815301076,1909f56bfc062723c751e8b465ee728b)  -> (artifact id: 'b1bab4369030a807e6283b20f97574b5') in 0.046505 seconds 
========================================================================
Received Import Request.
  Time since last request: 3.394781 seconds.
  path: Assets/Scenes/Prefabs/TutorialTrigger.prefab
  artifactKey: Guid(3df6e3e4aeb207a4ba9a82224b451d3f) Importer(815301076,1909f56bfc062723c751e8b465ee728b)
Start importing Assets/Scenes/Prefabs/TutorialTrigger.prefab using Guid(3df6e3e4aeb207a4ba9a82224b451d3f) Importer(815301076,1909f56bfc062723c751e8b465ee728b)  -> (artifact id: '2483b1ff62de643c076a4773dc83bd6f') in 0.029533 seconds 
========================================================================
Received Import Request.
  Time since last request: 2.224203 seconds.
  path: Assets/Scenes/Prefabs/TutorialTrigger.prefab
  artifactKey: Guid(3df6e3e4aeb207a4ba9a82224b451d3f) Importer(815301076,1909f56bfc062723c751e8b465ee728b)
Start importing Assets/Scenes/Prefabs/TutorialTrigger.prefab using Guid(3df6e3e4aeb207a4ba9a82224b451d3f) Importer(815301076,1909f56bfc062723c751e8b465ee728b)  -> (artifact id: '08cf9748aa0a65302d296c3f71f5c1ef') in 0.024645 seconds 
========================================================================
Received Import Request.
  Time since last request: 4.035127 seconds.
  path: Assets/Scenes/Prefabs/TutorialTrigger.prefab
  artifactKey: Guid(3df6e3e4aeb207a4ba9a82224b451d3f) Importer(815301076,1909f56bfc062723c751e8b465ee728b)
Start importing Assets/Scenes/Prefabs/TutorialTrigger.prefab using Guid(3df6e3e4aeb207a4ba9a82224b451d3f) Importer(815301076,1909f56bfc062723c751e8b465ee728b)  -> (artifact id: 'c9a36c48834d1479db016d39bdbce1c4') in 0.023319 seconds 
========================================================================
Received Import Request.
  Time since last request: 11.761854 seconds.
  path: Assets/Scenes/Prefabs/TutorialTrigger.prefab
  artifactKey: Guid(3df6e3e4aeb207a4ba9a82224b451d3f) Importer(815301076,1909f56bfc062723c751e8b465ee728b)
Start importing Assets/Scenes/Prefabs/TutorialTrigger.prefab using Guid(3df6e3e4aeb207a4ba9a82224b451d3f) Importer(815301076,1909f56bfc062723c751e8b465ee728b)  -> (artifact id: 'e3cd373099dd7eec85d0d286478afefd') in 0.044596 seconds 
========================================================================
Received Import Request.
  Time since last request: 5.760711 seconds.
  path: Assets/Scenes/Prefabs/TutorialTrigger.prefab
  artifactKey: Guid(3df6e3e4aeb207a4ba9a82224b451d3f) Importer(815301076,1909f56bfc062723c751e8b465ee728b)
Start importing Assets/Scenes/Prefabs/TutorialTrigger.prefab using Guid(3df6e3e4aeb207a4ba9a82224b451d3f) Importer(815301076,1909f56bfc062723c751e8b465ee728b)  -> (artifact id: '2cbf179dc3ebb87053c51c6f1584237f') in 0.025557 seconds 
========================================================================
Received Import Request.
  Time since last request: 5.022296 seconds.
  path: Assets/Scenes/Prefabs/TutorialTrigger.prefab
  artifactKey: Guid(3df6e3e4aeb207a4ba9a82224b451d3f) Importer(815301076,1909f56bfc062723c751e8b465ee728b)
Start importing Assets/Scenes/Prefabs/TutorialTrigger.prefab using Guid(3df6e3e4aeb207a4ba9a82224b451d3f) Importer(815301076,1909f56bfc062723c751e8b465ee728b)  -> (artifact id: '2792d53be4a200cee66ceb329e9f2489') in 0.025520 seconds 
========================================================================
Received Import Request.
  Time since last request: 2.008226 seconds.
  path: Assets/Scenes/Prefabs/TutorialTrigger.prefab
  artifactKey: Guid(3df6e3e4aeb207a4ba9a82224b451d3f) Importer(815301076,1909f56bfc062723c751e8b465ee728b)
Start importing Assets/Scenes/Prefabs/TutorialTrigger.prefab using Guid(3df6e3e4aeb207a4ba9a82224b451d3f) Importer(815301076,1909f56bfc062723c751e8b465ee728b)  -> (artifact id: '98af223e8f4f48a50eef3b56be906140') in 0.024084 seconds 
========================================================================
Received Import Request.
  Time since last request: 0.986119 seconds.
  path: Assets/Scenes/Prefabs/TutorialTrigger.prefab
  artifactKey: Guid(3df6e3e4aeb207a4ba9a82224b451d3f) Importer(815301076,1909f56bfc062723c751e8b465ee728b)
Start importing Assets/Scenes/Prefabs/TutorialTrigger.prefab using Guid(3df6e3e4aeb207a4ba9a82224b451d3f) Importer(815301076,1909f56bfc062723c751e8b465ee728b)  -> (artifact id: 'fb501a0269097aa809b5b8bb3833cc04') in 0.114333 seconds 
========================================================================
Received Import Request.
  Time since last request: 2.034079 seconds.
  path: Assets/Scenes/Prefabs/TutorialTrigger.prefab
  artifactKey: Guid(3df6e3e4aeb207a4ba9a82224b451d3f) Importer(815301076,1909f56bfc062723c751e8b465ee728b)
Start importing Assets/Scenes/Prefabs/TutorialTrigger.prefab using Guid(3df6e3e4aeb207a4ba9a82224b451d3f) Importer(815301076,1909f56bfc062723c751e8b465ee728b)  -> (artifact id: 'dc5ecae4b832cb1251730d9b63ae2865') in 0.028812 seconds 
========================================================================
Received Import Request.
  Time since last request: 6.740783 seconds.
  path: Assets/Scenes/Prefabs/TutorialTrigger.prefab
  artifactKey: Guid(3df6e3e4aeb207a4ba9a82224b451d3f) Importer(815301076,1909f56bfc062723c751e8b465ee728b)
Start importing Assets/Scenes/Prefabs/TutorialTrigger.prefab using Guid(3df6e3e4aeb207a4ba9a82224b451d3f) Importer(815301076,1909f56bfc062723c751e8b465ee728b)  -> (artifact id: '8684722b029825654602dd54ee6e94a1') in 0.029118 seconds 
========================================================================
Received Import Request.
  Time since last request: 2.269878 seconds.
  path: Assets/Scenes/Prefabs/TutorialTrigger.prefab
  artifactKey: Guid(3df6e3e4aeb207a4ba9a82224b451d3f) Importer(815301076,1909f56bfc062723c751e8b465ee728b)
Start importing Assets/Scenes/Prefabs/TutorialTrigger.prefab using Guid(3df6e3e4aeb207a4ba9a82224b451d3f) Importer(815301076,1909f56bfc062723c751e8b465ee728b)  -> (artifact id: 'c498154efb2b604d22abdcbd861a1e29') in 0.031391 seconds 
========================================================================
Received Import Request.
  Time since last request: 2.578953 seconds.
  path: Assets/Scenes/Prefabs/TutorialTrigger.prefab
  artifactKey: Guid(3df6e3e4aeb207a4ba9a82224b451d3f) Importer(815301076,1909f56bfc062723c751e8b465ee728b)
Start importing Assets/Scenes/Prefabs/TutorialTrigger.prefab using Guid(3df6e3e4aeb207a4ba9a82224b451d3f) Importer(815301076,1909f56bfc062723c751e8b465ee728b)  -> (artifact id: '5fb67d36c0ec49342ce0c3371484040a') in 0.021606 seconds 
========================================================================
Received Import Request.
  Time since last request: 45.496223 seconds.
  path: Assets/Scenes/Prefabs/TutorialTrigger.prefab
  artifactKey: Guid(3df6e3e4aeb207a4ba9a82224b451d3f) Importer(815301076,1909f56bfc062723c751e8b465ee728b)
Start importing Assets/Scenes/Prefabs/TutorialTrigger.prefab using Guid(3df6e3e4aeb207a4ba9a82224b451d3f) Importer(815301076,1909f56bfc062723c751e8b465ee728b)  -> (artifact id: '75fb717d7872a323eaad9a19c173abdc') in 0.046120 seconds 
========================================================================
Received Import Request.
  Time since last request: 16.367126 seconds.
  path: Assets/Scenes/Prefabs/question.fbx
  artifactKey: Guid(385b31c7a941d204f9ccc4fafea97fe6) Importer(815301076,1909f56bfc062723c751e8b465ee728b)
Start importing Assets/Scenes/Prefabs/question.fbx using Guid(385b31c7a941d204f9ccc4fafea97fe6) Importer(815301076,1909f56bfc062723c751e8b465ee728b)  -> (artifact id: '3b4d69367ddebcedaf780278158c0e0f') in 0.047747 seconds 
========================================================================
Received Import Request.
  Time since last request: 12.160006 seconds.
  path: Assets/Scenes/Prefabs/question.fbx
  artifactKey: Guid(385b31c7a941d204f9ccc4fafea97fe6) Importer(815301076,1909f56bfc062723c751e8b465ee728b)
Start importing Assets/Scenes/Prefabs/question.fbx using Guid(385b31c7a941d204f9ccc4fafea97fe6) Importer(815301076,1909f56bfc062723c751e8b465ee728b)  -> (artifact id: '218429c96da8fe7bdc29e2698bae7eed') in 0.034001 seconds 
========================================================================
Received Import Request.
  Time since last request: 0.174955 seconds.
  path: Assets/Scenes/Prefabs/TutorialTrigger.prefab
  artifactKey: Guid(3df6e3e4aeb207a4ba9a82224b451d3f) Importer(815301076,1909f56bfc062723c751e8b465ee728b)
Start importing Assets/Scenes/Prefabs/TutorialTrigger.prefab using Guid(3df6e3e4aeb207a4ba9a82224b451d3f) Importer(815301076,1909f56bfc062723c751e8b465ee728b)  -> (artifact id: '4fb5c9bcc865a9b57820a19dd54f2de9') in 0.028190 seconds 
========================================================================
Received Import Request.
  Time since last request: 3.832938 seconds.
  path: Assets/Scenes/Prefabs/TutorialTrigger.prefab
  artifactKey: Guid(3df6e3e4aeb207a4ba9a82224b451d3f) Importer(815301076,1909f56bfc062723c751e8b465ee728b)
Start importing Assets/Scenes/Prefabs/TutorialTrigger.prefab using Guid(3df6e3e4aeb207a4ba9a82224b451d3f) Importer(815301076,1909f56bfc062723c751e8b465ee728b)  -> (artifact id: '5eb2ddabc74da82713ac87058bc5b4aa') in 0.036285 seconds 
========================================================================
Received Import Request.
  Time since last request: 1.780894 seconds.
  path: Assets/Scenes/Prefabs/TutorialTrigger.prefab
  artifactKey: Guid(3df6e3e4aeb207a4ba9a82224b451d3f) Importer(815301076,1909f56bfc062723c751e8b465ee728b)
Start importing Assets/Scenes/Prefabs/TutorialTrigger.prefab using Guid(3df6e3e4aeb207a4ba9a82224b451d3f) Importer(815301076,1909f56bfc062723c751e8b465ee728b)  -> (artifact id: '23165a6ff4ffc8f55a99b782bea78fe0') in 0.023003 seconds 
========================================================================
Received Import Request.
  Time since last request: 3.023676 seconds.
  path: Assets/Scenes/Prefabs/TutorialTrigger.prefab
  artifactKey: Guid(3df6e3e4aeb207a4ba9a82224b451d3f) Importer(815301076,1909f56bfc062723c751e8b465ee728b)
Start importing Assets/Scenes/Prefabs/TutorialTrigger.prefab using Guid(3df6e3e4aeb207a4ba9a82224b451d3f) Importer(815301076,1909f56bfc062723c751e8b465ee728b)  -> (artifact id: 'af8e011a8c28bf0e6658d3c9e5ae917a') in 0.023896 seconds 
========================================================================
Received Import Request.
  Time since last request: 0.923595 seconds.
  path: Assets/Scenes/Prefabs/TutorialTrigger.prefab
  artifactKey: Guid(3df6e3e4aeb207a4ba9a82224b451d3f) Importer(815301076,1909f56bfc062723c751e8b465ee728b)
Start importing Assets/Scenes/Prefabs/TutorialTrigger.prefab using Guid(3df6e3e4aeb207a4ba9a82224b451d3f) Importer(815301076,1909f56bfc062723c751e8b465ee728b)  -> (artifact id: 'cda7de33072796cea828228801e9be81') in 0.023748 seconds 
========================================================================
Received Import Request.
  Time since last request: 9.033086 seconds.
  path: Assets/Scenes/Prefabs/TutorialTrigger.prefab
  artifactKey: Guid(3df6e3e4aeb207a4ba9a82224b451d3f) Importer(815301076,1909f56bfc062723c751e8b465ee728b)
Start importing Assets/Scenes/Prefabs/TutorialTrigger.prefab using Guid(3df6e3e4aeb207a4ba9a82224b451d3f) Importer(815301076,1909f56bfc062723c751e8b465ee728b)  -> (artifact id: '62affe3bcdafa47695decd5100170d71') in 0.048027 seconds 
========================================================================
Received Import Request.
  Time since last request: 2.204937 seconds.
  path: Assets/Scenes/Prefabs/TutorialTrigger.prefab
  artifactKey: Guid(3df6e3e4aeb207a4ba9a82224b451d3f) Importer(815301076,1909f56bfc062723c751e8b465ee728b)
Start importing Assets/Scenes/Prefabs/TutorialTrigger.prefab using Guid(3df6e3e4aeb207a4ba9a82224b451d3f) Importer(815301076,1909f56bfc062723c751e8b465ee728b)  -> (artifact id: 'b60b1ba8c64ca50c8d0f8e98b5b9b6b5') in 0.028171 seconds 
========================================================================
Received Import Request.
  Time since last request: 1.017936 seconds.
  path: Assets/Scenes/Prefabs/TutorialTrigger.prefab
  artifactKey: Guid(3df6e3e4aeb207a4ba9a82224b451d3f) Importer(815301076,1909f56bfc062723c751e8b465ee728b)
Start importing Assets/Scenes/Prefabs/TutorialTrigger.prefab using Guid(3df6e3e4aeb207a4ba9a82224b451d3f) Importer(815301076,1909f56bfc062723c751e8b465ee728b)  -> (artifact id: 'cee3a4e65ed137ae2e057b39f71b75c7') in 0.019804 seconds 
========================================================================
Received Import Request.
  Time since last request: 2.896583 seconds.
  path: Assets/Scenes/Prefabs/TutorialTrigger.prefab
  artifactKey: Guid(3df6e3e4aeb207a4ba9a82224b451d3f) Importer(815301076,1909f56bfc062723c751e8b465ee728b)
Start importing Assets/Scenes/Prefabs/TutorialTrigger.prefab using Guid(3df6e3e4aeb207a4ba9a82224b451d3f) Importer(815301076,1909f56bfc062723c751e8b465ee728b)  -> (artifact id: 'd82353c3db6fb5564a8448c2a14cc3a3') in 0.023859 seconds 
========================================================================
Received Import Request.
  Time since last request: 2.278053 seconds.
  path: Assets/Scenes/Prefabs/TutorialTrigger.prefab
  artifactKey: Guid(3df6e3e4aeb207a4ba9a82224b451d3f) Importer(815301076,1909f56bfc062723c751e8b465ee728b)
Start importing Assets/Scenes/Prefabs/TutorialTrigger.prefab using Guid(3df6e3e4aeb207a4ba9a82224b451d3f) Importer(815301076,1909f56bfc062723c751e8b465ee728b)  -> (artifact id: 'a4393e2650eaf45b147702a225a6b5dd') in 0.023954 seconds 
========================================================================
Received Import Request.
  Time since last request: 4.847208 seconds.
  path: Assets/Scenes/Prefabs/TutorialTrigger.prefab
  artifactKey: Guid(3df6e3e4aeb207a4ba9a82224b451d3f) Importer(815301076,1909f56bfc062723c751e8b465ee728b)
Start importing Assets/Scenes/Prefabs/TutorialTrigger.prefab using Guid(3df6e3e4aeb207a4ba9a82224b451d3f) Importer(815301076,1909f56bfc062723c751e8b465ee728b)  -> (artifact id: '9453c733ce063fc6c43d0f4b86450a0e') in 0.028732 seconds 
========================================================================
Received Import Request.
  Time since last request: 15.764524 seconds.
  path: Assets/Scenes/Prefabs/TutorialTrigger.prefab
  artifactKey: Guid(3df6e3e4aeb207a4ba9a82224b451d3f) Importer(815301076,1909f56bfc062723c751e8b465ee728b)
Start importing Assets/Scenes/Prefabs/TutorialTrigger.prefab using Guid(3df6e3e4aeb207a4ba9a82224b451d3f) Importer(815301076,1909f56bfc062723c751e8b465ee728b)  -> (artifact id: '47218645b3f248800379a61862e432f2') in 0.019859 seconds 
========================================================================
Received Import Request.
  Time since last request: 5.085066 seconds.
  path: Assets/Scenes/Prefabs/TutorialTrigger.prefab
  artifactKey: Guid(3df6e3e4aeb207a4ba9a82224b451d3f) Importer(815301076,1909f56bfc062723c751e8b465ee728b)
Start importing Assets/Scenes/Prefabs/TutorialTrigger.prefab using Guid(3df6e3e4aeb207a4ba9a82224b451d3f) Importer(815301076,1909f56bfc062723c751e8b465ee728b)  -> (artifact id: '7b657ec380b38ff7d3f0b6fb26d4793b') in 0.041055 seconds 
========================================================================
Received Import Request.
  Time since last request: 8.584511 seconds.
  path: Assets/Scenes/Prefabs/TutorialTrigger.prefab
  artifactKey: Guid(3df6e3e4aeb207a4ba9a82224b451d3f) Importer(815301076,1909f56bfc062723c751e8b465ee728b)
Start importing Assets/Scenes/Prefabs/TutorialTrigger.prefab using Guid(3df6e3e4aeb207a4ba9a82224b451d3f) Importer(815301076,1909f56bfc062723c751e8b465ee728b)  -> (artifact id: '813060c840c3e67c5720fe5a07acd243') in 0.024547 seconds 
========================================================================
Received Import Request.
  Time since last request: 5.677239 seconds.
  path: Assets/Scenes/Prefabs/TutorialTrigger.prefab
  artifactKey: Guid(3df6e3e4aeb207a4ba9a82224b451d3f) Importer(815301076,1909f56bfc062723c751e8b465ee728b)
Start importing Assets/Scenes/Prefabs/TutorialTrigger.prefab using Guid(3df6e3e4aeb207a4ba9a82224b451d3f) Importer(815301076,1909f56bfc062723c751e8b465ee728b)  -> (artifact id: 'b327af9fd1b267292e351d10f3c45516') in 0.024910 seconds 
========================================================================
Received Import Request.
  Time since last request: 23.493794 seconds.
  path: Assets/Scenes/Prefabs/TutorialTrigger.prefab
  artifactKey: Guid(3df6e3e4aeb207a4ba9a82224b451d3f) Importer(815301076,1909f56bfc062723c751e8b465ee728b)
Start importing Assets/Scenes/Prefabs/TutorialTrigger.prefab using Guid(3df6e3e4aeb207a4ba9a82224b451d3f) Importer(815301076,1909f56bfc062723c751e8b465ee728b)  -> (artifact id: '9c7ff4f50d67bac9f3bc33960ed23c71') in 0.026041 seconds 
========================================================================
Received Import Request.
  Time since last request: 5.026291 seconds.
  path: Assets/Scenes/Prefabs/TutorialTrigger.prefab
  artifactKey: Guid(3df6e3e4aeb207a4ba9a82224b451d3f) Importer(815301076,1909f56bfc062723c751e8b465ee728b)
Start importing Assets/Scenes/Prefabs/TutorialTrigger.prefab using Guid(3df6e3e4aeb207a4ba9a82224b451d3f) Importer(815301076,1909f56bfc062723c751e8b465ee728b)  -> (artifact id: 'f27358434885a40b068ddce51c69dbcb') in 0.042436 seconds 
========================================================================
Received Import Request.
  Time since last request: 22.999302 seconds.
  path: Assets/Scenes/Prefabs/TutorialTrigger.prefab
  artifactKey: Guid(3df6e3e4aeb207a4ba9a82224b451d3f) Importer(815301076,1909f56bfc062723c751e8b465ee728b)
Start importing Assets/Scenes/Prefabs/TutorialTrigger.prefab using Guid(3df6e3e4aeb207a4ba9a82224b451d3f) Importer(815301076,1909f56bfc062723c751e8b465ee728b)  -> (artifact id: '53037e66f1ae280410616e2a26a2b5f3') in 0.027025 seconds 
========================================================================
Received Import Request.
  Time since last request: 2.969301 seconds.
  path: Assets/Scenes/Prefabs/TutorialTrigger.prefab
  artifactKey: Guid(3df6e3e4aeb207a4ba9a82224b451d3f) Importer(815301076,1909f56bfc062723c751e8b465ee728b)
Start importing Assets/Scenes/Prefabs/TutorialTrigger.prefab using Guid(3df6e3e4aeb207a4ba9a82224b451d3f) Importer(815301076,1909f56bfc062723c751e8b465ee728b)  -> (artifact id: 'e28e48f0093481fc2dd2267bcc7a32ef') in 0.028094 seconds 
========================================================================
Received Prepare
Registering precompiled user dll's ...
Registered in 0.012299 seconds.
Begin MonoManager ReloadAssembly
Symbol file LoadedFromMemory doesn't match image D:\Projects\Unity\My project\Library\PackageCache\com.unity.visualscripting@1.7.8\Editor\VisualScripting.Core\Dependencies\YamlDotNet\Unity.VisualScripting.YamlDotNet.dll
Symbol file LoadedFromMemory doesn't match image D:\Projects\Unity\My project\Library\PackageCache\com.unity.visualscripting@1.7.8\Editor\VisualScripting.Core\Dependencies\DotNetZip\Unity.VisualScripting.IonicZip.dll
Native extension for WindowsStandalone target not found
Native extension for Android target not found
Refreshing native plugins compatible for Editor in 2.17 ms, found 4 plugins.
Preloading 0 native plugins for Editor in 0.00 ms.
System.Reflection.TargetException: Non-static method requires a target.
  at System.Reflection.RuntimeMethodInfo.Invoke (System.Object obj, System.Reflection.BindingFlags invokeAttr, System.Reflection.Binder binder, System.Object[] parameters, System.Globalization.CultureInfo culture) [0x00019] in <9aad1b3a47484d63ba2b3985692d80e9>:0 
  at System.Reflection.MethodBase.Invoke (System.Object obj, System.Object[] parameters) [0x00000] in <9aad1b3a47484d63ba2b3985692d80e9>:0 
  at UnityEditor.EditorAssemblies.ProcessInitializeOnLoadMethodAttributes () [0x000a5] in <0d6ce211ebbc47e1a35a84c3672ff58f>:0 
UnityEngine.StackTraceUtility:ExtractStackTrace ()
UnityEngine.DebugLogHandler:LogFormat (UnityEngine.LogType,UnityEngine.Object,string,object[])
UnityEngine.Logger:Log (UnityEngine.LogType,object)
UnityEngine.Debug:LogError (object)
UnityEditor.EditorAssemblies:ProcessInitializeOnLoadMethodAttributes ()

Mono: successfully reloaded assembly
- Completed reload, in  2.329 seconds
Domain Reload Profiling:
	ReloadAssembly (2330ms)
		BeginReloadAssembly (271ms)
			ExecutionOrderSort (0ms)
			DisableScriptedObjects (7ms)
			BackupInstance (0ms)
			ReleaseScriptingObjects (0ms)
			CreateAndSetChildDomain (110ms)
		EndReloadAssembly (1882ms)
			LoadAssemblies (163ms)
			RebuildTransferFunctionScriptingTraits (0ms)
			SetupTypeCache (505ms)
			ReleaseScriptCaches (2ms)
			RebuildScriptCaches (76ms)
			SetupLoadedEditorAssemblies (973ms)
				LogAssemblyErrors (0ms)
				InitializePlatformSupportModulesInManaged (59ms)
				SetLoadedEditorAssemblies (1ms)
				RefreshPlugins (2ms)
				BeforeProcessingInitializeOnLoad (183ms)
				ProcessInitializeOnLoadAttributes (611ms)
				ProcessInitializeOnLoadMethodAttributes (93ms)
				AfterProcessingInitializeOnLoad (22ms)
				EditorAssembliesLoaded (1ms)
			ExecutionOrderSort2 (0ms)
			AwakeInstancesAfterBackupRestoration (19ms)
Platform modules already initialized, skipping
Refreshing native plugins compatible for Editor in 8.53 ms, found 4 plugins.
Preloading 0 native plugins for Editor in 0.00 ms.
Unloading 3864 Unused Serialized files (Serialized files now loaded: 0)
Unloading 38 unused Assets / (125.4 KB). Loaded Objects now: 4400.
Memory consumption went from 150.6 MB to 150.5 MB.
Total: 9.128500 ms (FindLiveObjects: 0.845200 ms CreateObjectMapping: 0.907500 ms MarkObjects: 7.215900 ms  DeleteObjects: 0.158200 ms)

AssetImportParameters requested are different than current active one (requested -> active):
  custom:video-decoder-ogg-theora: a1e56fd34408186e4bbccfd4996cb3dc -> 
  custom:container-muxer-webm: aa71ff27fc2769a1b78a27578f13a17b -> 
  custom:container-demuxer-webm: 4f35f7cbe854078d1ac9338744f61a02 -> 
  custom:video-encoder-webm-vp8: eb34c28f22e8b96e1ab97ce403110664 -> 
  custom:video-codec-MediaFoundation-h265: 746d11721c4dcdbdad8f713fa42b33f4 -> 
  custom:audio-encoder-webm-vorbis: bf7c407c2cedff20999df2af8eb42d56 -> 
  custom:framework-win-MediaFoundation: 216162199b28c13a410421893ffa2e32 -> 
  custom:container-demuxer-ogg: 62fdf1f143b41e24485cea50d1cbac27 -> 
  custom:video-decoder-webm-vp8: 9c59270c3fd7afecdb556c50c9e8de78 -> 
  custom:audio-decoder-ogg-vorbis: bf7c407c2cedff20999df2af8eb42d56 -> 
========================================================================
Received Prepare
Registering precompiled user dll's ...
Registered in 0.009811 seconds.
Begin MonoManager ReloadAssembly
Symbol file LoadedFromMemory doesn't match image D:\Projects\Unity\My project\Library\PackageCache\com.unity.visualscripting@1.7.8\Editor\VisualScripting.Core\Dependencies\YamlDotNet\Unity.VisualScripting.YamlDotNet.dll
Symbol file LoadedFromMemory doesn't match image D:\Projects\Unity\My project\Library\PackageCache\com.unity.visualscripting@1.7.8\Editor\VisualScripting.Core\Dependencies\DotNetZip\Unity.VisualScripting.IonicZip.dll
Native extension for WindowsStandalone target not found
Native extension for Android target not found
Refreshing native plugins compatible for Editor in 2.25 ms, found 4 plugins.
Preloading 0 native plugins for Editor in 0.00 ms.
System.Reflection.TargetException: Non-static method requires a target.
  at System.Reflection.RuntimeMethodInfo.Invoke (System.Object obj, System.Reflection.BindingFlags invokeAttr, System.Reflection.Binder binder, System.Object[] parameters, System.Globalization.CultureInfo culture) [0x00019] in <9aad1b3a47484d63ba2b3985692d80e9>:0 
  at System.Reflection.MethodBase.Invoke (System.Object obj, System.Object[] parameters) [0x00000] in <9aad1b3a47484d63ba2b3985692d80e9>:0 
  at UnityEditor.EditorAssemblies.ProcessInitializeOnLoadMethodAttributes () [0x000a5] in <0d6ce211ebbc47e1a35a84c3672ff58f>:0 
UnityEngine.StackTraceUtility:ExtractStackTrace ()
UnityEngine.DebugLogHandler:LogFormat (UnityEngine.LogType,UnityEngine.Object,string,object[])
UnityEngine.Logger:Log (UnityEngine.LogType,object)
UnityEngine.Debug:LogError (object)
UnityEditor.EditorAssemblies:ProcessInitializeOnLoadMethodAttributes ()

Mono: successfully reloaded assembly
- Completed reload, in  2.551 seconds
Domain Reload Profiling:
	ReloadAssembly (2552ms)
		BeginReloadAssembly (209ms)
			ExecutionOrderSort (0ms)
			DisableScriptedObjects (7ms)
			BackupInstance (0ms)
			ReleaseScriptingObjects (0ms)
			CreateAndSetChildDomain (60ms)
		EndReloadAssembly (2139ms)
			LoadAssemblies (146ms)
			RebuildTransferFunctionScriptingTraits (0ms)
			SetupTypeCache (603ms)
			ReleaseScriptCaches (2ms)
			RebuildScriptCaches (134ms)
			SetupLoadedEditorAssemblies (1071ms)
				LogAssemblyErrors (0ms)
				InitializePlatformSupportModulesInManaged (75ms)
				SetLoadedEditorAssemblies (2ms)
				RefreshPlugins (2ms)
				BeforeProcessingInitializeOnLoad (217ms)
				ProcessInitializeOnLoadAttributes (644ms)
				ProcessInitializeOnLoadMethodAttributes (109ms)
				AfterProcessingInitializeOnLoad (21ms)
				EditorAssembliesLoaded (1ms)
			ExecutionOrderSort2 (0ms)
			AwakeInstancesAfterBackupRestoration (15ms)
Platform modules already initialized, skipping
Refreshing native plugins compatible for Editor in 9.01 ms, found 4 plugins.
Preloading 0 native plugins for Editor in 0.00 ms.
Unloading 3864 Unused Serialized files (Serialized files now loaded: 0)
Unloading 38 unused Assets / (125.4 KB). Loaded Objects now: 4415.
Memory consumption went from 150.6 MB to 150.5 MB.
Total: 6.139200 ms (FindLiveObjects: 0.479400 ms CreateObjectMapping: 0.434900 ms MarkObjects: 4.990600 ms  DeleteObjects: 0.232400 ms)

AssetImportParameters requested are different than current active one (requested -> active):
  custom:video-decoder-ogg-theora: a1e56fd34408186e4bbccfd4996cb3dc -> 
  custom:container-muxer-webm: aa71ff27fc2769a1b78a27578f13a17b -> 
  custom:container-demuxer-webm: 4f35f7cbe854078d1ac9338744f61a02 -> 
  custom:video-encoder-webm-vp8: eb34c28f22e8b96e1ab97ce403110664 -> 
  custom:video-codec-MediaFoundation-h265: 746d11721c4dcdbdad8f713fa42b33f4 -> 
  custom:audio-encoder-webm-vorbis: bf7c407c2cedff20999df2af8eb42d56 -> 
  custom:framework-win-MediaFoundation: 216162199b28c13a410421893ffa2e32 -> 
  custom:container-demuxer-ogg: 62fdf1f143b41e24485cea50d1cbac27 -> 
  custom:video-decoder-webm-vp8: 9c59270c3fd7afecdb556c50c9e8de78 -> 
  custom:audio-decoder-ogg-vorbis: bf7c407c2cedff20999df2af8eb42d56 -> 
========================================================================
Received Prepare
Registering precompiled user dll's ...
Registered in 0.009112 seconds.
Begin MonoManager ReloadAssembly
Symbol file LoadedFromMemory doesn't match image D:\Projects\Unity\My project\Library\PackageCache\com.unity.visualscripting@1.7.8\Editor\VisualScripting.Core\Dependencies\YamlDotNet\Unity.VisualScripting.YamlDotNet.dll
Symbol file LoadedFromMemory doesn't match image D:\Projects\Unity\My project\Library\PackageCache\com.unity.visualscripting@1.7.8\Editor\VisualScripting.Core\Dependencies\DotNetZip\Unity.VisualScripting.IonicZip.dll
Native extension for WindowsStandalone target not found
Native extension for Android target not found
Refreshing native plugins compatible for Editor in 1.78 ms, found 4 plugins.
Preloading 0 native plugins for Editor in 0.00 ms.
System.Reflection.TargetException: Non-static method requires a target.
  at System.Reflection.RuntimeMethodInfo.Invoke (System.Object obj, System.Reflection.BindingFlags invokeAttr, System.Reflection.Binder binder, System.Object[] parameters, System.Globalization.CultureInfo culture) [0x00019] in <9aad1b3a47484d63ba2b3985692d80e9>:0 
  at System.Reflection.MethodBase.Invoke (System.Object obj, System.Object[] parameters) [0x00000] in <9aad1b3a47484d63ba2b3985692d80e9>:0 
  at UnityEditor.EditorAssemblies.ProcessInitializeOnLoadMethodAttributes () [0x000a5] in <0d6ce211ebbc47e1a35a84c3672ff58f>:0 
UnityEngine.StackTraceUtility:ExtractStackTrace ()
UnityEngine.DebugLogHandler:LogFormat (UnityEngine.LogType,UnityEngine.Object,string,object[])
UnityEngine.Logger:Log (UnityEngine.LogType,object)
UnityEngine.Debug:LogError (object)
UnityEditor.EditorAssemblies:ProcessInitializeOnLoadMethodAttributes ()

Mono: successfully reloaded assembly
- Completed reload, in  2.398 seconds
Domain Reload Profiling:
	ReloadAssembly (2400ms)
		BeginReloadAssembly (210ms)
			ExecutionOrderSort (0ms)
			DisableScriptedObjects (7ms)
			BackupInstance (0ms)
			ReleaseScriptingObjects (0ms)
			CreateAndSetChildDomain (62ms)
		EndReloadAssembly (1983ms)
			LoadAssemblies (142ms)
			RebuildTransferFunctionScriptingTraits (0ms)
			SetupTypeCache (535ms)
			ReleaseScriptCaches (2ms)
			RebuildScriptCaches (100ms)
			SetupLoadedEditorAssemblies (1057ms)
				LogAssemblyErrors (0ms)
				InitializePlatformSupportModulesInManaged (53ms)
				SetLoadedEditorAssemblies (1ms)
				RefreshPlugins (2ms)
				BeforeProcessingInitializeOnLoad (183ms)
				ProcessInitializeOnLoadAttributes (674ms)
				ProcessInitializeOnLoadMethodAttributes (111ms)
				AfterProcessingInitializeOnLoad (33ms)
				EditorAssembliesLoaded (0ms)
			ExecutionOrderSort2 (0ms)
			AwakeInstancesAfterBackupRestoration (22ms)
Platform modules already initialized, skipping
Refreshing native plugins compatible for Editor in 8.90 ms, found 4 plugins.
Preloading 0 native plugins for Editor in 0.00 ms.
Unloading 3864 Unused Serialized files (Serialized files now loaded: 0)
Unloading 38 unused Assets / (125.3 KB). Loaded Objects now: 4430.
Memory consumption went from 150.7 MB to 150.5 MB.
Total: 4.285400 ms (FindLiveObjects: 0.407100 ms CreateObjectMapping: 0.271500 ms MarkObjects: 3.480300 ms  DeleteObjects: 0.125100 ms)

AssetImportParameters requested are different than current active one (requested -> active):
  custom:video-decoder-ogg-theora: a1e56fd34408186e4bbccfd4996cb3dc -> 
  custom:container-muxer-webm: aa71ff27fc2769a1b78a27578f13a17b -> 
  custom:container-demuxer-webm: 4f35f7cbe854078d1ac9338744f61a02 -> 
  custom:video-encoder-webm-vp8: eb34c28f22e8b96e1ab97ce403110664 -> 
  custom:video-codec-MediaFoundation-h265: 746d11721c4dcdbdad8f713fa42b33f4 -> 
  custom:audio-encoder-webm-vorbis: bf7c407c2cedff20999df2af8eb42d56 -> 
  custom:framework-win-MediaFoundation: 216162199b28c13a410421893ffa2e32 -> 
  custom:container-demuxer-ogg: 62fdf1f143b41e24485cea50d1cbac27 -> 
  custom:video-decoder-webm-vp8: 9c59270c3fd7afecdb556c50c9e8de78 -> 
  custom:audio-decoder-ogg-vorbis: bf7c407c2cedff20999df2af8eb42d56 -> 
========================================================================
Received Prepare
Registering precompiled user dll's ...
Registered in 0.009125 seconds.
Begin MonoManager ReloadAssembly
Symbol file LoadedFromMemory doesn't match image D:\Projects\Unity\My project\Library\PackageCache\com.unity.visualscripting@1.7.8\Editor\VisualScripting.Core\Dependencies\YamlDotNet\Unity.VisualScripting.YamlDotNet.dll
Symbol file LoadedFromMemory doesn't match image D:\Projects\Unity\My project\Library\PackageCache\com.unity.visualscripting@1.7.8\Editor\VisualScripting.Core\Dependencies\DotNetZip\Unity.VisualScripting.IonicZip.dll
Native extension for WindowsStandalone target not found
Native extension for Android target not found
Refreshing native plugins compatible for Editor in 1.75 ms, found 4 plugins.
Preloading 0 native plugins for Editor in 0.00 ms.
System.Reflection.TargetException: Non-static method requires a target.
  at System.Reflection.RuntimeMethodInfo.Invoke (System.Object obj, System.Reflection.BindingFlags invokeAttr, System.Reflection.Binder binder, System.Object[] parameters, System.Globalization.CultureInfo culture) [0x00019] in <9aad1b3a47484d63ba2b3985692d80e9>:0 
  at System.Reflection.MethodBase.Invoke (System.Object obj, System.Object[] parameters) [0x00000] in <9aad1b3a47484d63ba2b3985692d80e9>:0 
  at UnityEditor.EditorAssemblies.ProcessInitializeOnLoadMethodAttributes () [0x000a5] in <0d6ce211ebbc47e1a35a84c3672ff58f>:0 
UnityEngine.StackTraceUtility:ExtractStackTrace ()
UnityEngine.DebugLogHandler:LogFormat (UnityEngine.LogType,UnityEngine.Object,string,object[])
UnityEngine.Logger:Log (UnityEngine.LogType,object)
UnityEngine.Debug:LogError (object)
UnityEditor.EditorAssemblies:ProcessInitializeOnLoadMethodAttributes ()

Mono: successfully reloaded assembly
- Completed reload, in  2.218 seconds
Domain Reload Profiling:
	ReloadAssembly (2219ms)
		BeginReloadAssembly (217ms)
			ExecutionOrderSort (0ms)
			DisableScriptedObjects (7ms)
			BackupInstance (0ms)
			ReleaseScriptingObjects (0ms)
			CreateAndSetChildDomain (64ms)
		EndReloadAssembly (1824ms)
			LoadAssemblies (138ms)
			RebuildTransferFunctionScriptingTraits (0ms)
			SetupTypeCache (466ms)
			ReleaseScriptCaches (2ms)
			RebuildScriptCaches (88ms)
			SetupLoadedEditorAssemblies (983ms)
				LogAssemblyErrors (0ms)
				InitializePlatformSupportModulesInManaged (57ms)
				SetLoadedEditorAssemblies (1ms)
				RefreshPlugins (2ms)
				BeforeProcessingInitializeOnLoad (165ms)
				ProcessInitializeOnLoadAttributes (628ms)
				ProcessInitializeOnLoadMethodAttributes (105ms)
				AfterProcessingInitializeOnLoad (25ms)
				EditorAssembliesLoaded (0ms)
			ExecutionOrderSort2 (0ms)
			AwakeInstancesAfterBackupRestoration (16ms)
Platform modules already initialized, skipping
Refreshing native plugins compatible for Editor in 7.22 ms, found 4 plugins.
Preloading 0 native plugins for Editor in 0.00 ms.
Unloading 3864 Unused Serialized files (Serialized files now loaded: 0)
Unloading 38 unused Assets / (125.4 KB). Loaded Objects now: 4445.
Memory consumption went from 150.7 MB to 150.6 MB.
Total: 13.609200 ms (FindLiveObjects: 0.457900 ms CreateObjectMapping: 1.282200 ms MarkObjects: 11.527300 ms  DeleteObjects: 0.339800 ms)

AssetImportParameters requested are different than current active one (requested -> active):
  custom:video-decoder-ogg-theora: a1e56fd34408186e4bbccfd4996cb3dc -> 
  custom:container-muxer-webm: aa71ff27fc2769a1b78a27578f13a17b -> 
  custom:container-demuxer-webm: 4f35f7cbe854078d1ac9338744f61a02 -> 
  custom:video-encoder-webm-vp8: eb34c28f22e8b96e1ab97ce403110664 -> 
  custom:video-codec-MediaFoundation-h265: 746d11721c4dcdbdad8f713fa42b33f4 -> 
  custom:audio-encoder-webm-vorbis: bf7c407c2cedff20999df2af8eb42d56 -> 
  custom:framework-win-MediaFoundation: 216162199b28c13a410421893ffa2e32 -> 
  custom:container-demuxer-ogg: 62fdf1f143b41e24485cea50d1cbac27 -> 
  custom:video-decoder-webm-vp8: 9c59270c3fd7afecdb556c50c9e8de78 -> 
  custom:audio-decoder-ogg-vorbis: bf7c407c2cedff20999df2af8eb42d56 -> 
========================================================================
Received Import Request.
  Time since last request: 409.880107 seconds.
  path: Assets/Scenes/Forest_Battle.unity
  artifactKey: Guid(2fcfca11d064ffb4f92eec094ffce89d) Importer(815301076,1909f56bfc062723c751e8b465ee728b)
Start importing Assets/Scenes/Forest_Battle.unity using Guid(2fcfca11d064ffb4f92eec094ffce89d) Importer(815301076,1909f56bfc062723c751e8b465ee728b)  -> (artifact id: 'f2ab7d457e35e1871dc9d78399af3cc4') in 0.013160 seconds 
========================================================================
Received Prepare
Registering precompiled user dll's ...
Registered in 0.012877 seconds.
Begin MonoManager ReloadAssembly
Symbol file LoadedFromMemory doesn't match image D:\Projects\Unity\My project\Library\PackageCache\com.unity.visualscripting@1.7.8\Editor\VisualScripting.Core\Dependencies\YamlDotNet\Unity.VisualScripting.YamlDotNet.dll
Symbol file LoadedFromMemory doesn't match image D:\Projects\Unity\My project\Library\PackageCache\com.unity.visualscripting@1.7.8\Editor\VisualScripting.Core\Dependencies\DotNetZip\Unity.VisualScripting.IonicZip.dll
Native extension for WindowsStandalone target not found
Native extension for Android target not found
Refreshing native plugins compatible for Editor in 4.24 ms, found 4 plugins.
Preloading 0 native plugins for Editor in 0.00 ms.
System.Reflection.TargetException: Non-static method requires a target.
  at System.Reflection.RuntimeMethodInfo.Invoke (System.Object obj, System.Reflection.BindingFlags invokeAttr, System.Reflection.Binder binder, System.Object[] parameters, System.Globalization.CultureInfo culture) [0x00019] in <9aad1b3a47484d63ba2b3985692d80e9>:0 
  at System.Reflection.MethodBase.Invoke (System.Object obj, System.Object[] parameters) [0x00000] in <9aad1b3a47484d63ba2b3985692d80e9>:0 
  at UnityEditor.EditorAssemblies.ProcessInitializeOnLoadMethodAttributes () [0x000a5] in <0d6ce211ebbc47e1a35a84c3672ff58f>:0 
UnityEngine.StackTraceUtility:ExtractStackTrace ()
UnityEngine.DebugLogHandler:LogFormat (UnityEngine.LogType,UnityEngine.Object,string,object[])
UnityEngine.Logger:Log (UnityEngine.LogType,object)
UnityEngine.Debug:LogError (object)
UnityEditor.EditorAssemblies:ProcessInitializeOnLoadMethodAttributes ()

Mono: successfully reloaded assembly
- Completed reload, in  2.423 seconds
Domain Reload Profiling:
	ReloadAssembly (2424ms)
		BeginReloadAssembly (231ms)
			ExecutionOrderSort (0ms)
			DisableScriptedObjects (12ms)
			BackupInstance (0ms)
			ReleaseScriptingObjects (0ms)
			CreateAndSetChildDomain (66ms)
		EndReloadAssembly (2017ms)
			LoadAssemblies (146ms)
			RebuildTransferFunctionScriptingTraits (0ms)
			SetupTypeCache (604ms)
			ReleaseScriptCaches (2ms)
			RebuildScriptCaches (98ms)
			SetupLoadedEditorAssemblies (1048ms)
				LogAssemblyErrors (0ms)
				InitializePlatformSupportModulesInManaged (55ms)
				SetLoadedEditorAssemblies (1ms)
				RefreshPlugins (4ms)
				BeforeProcessingInitializeOnLoad (239ms)
				ProcessInitializeOnLoadAttributes (644ms)
				ProcessInitializeOnLoadMethodAttributes (82ms)
				AfterProcessingInitializeOnLoad (22ms)
				EditorAssembliesLoaded (0ms)
			ExecutionOrderSort2 (0ms)
			AwakeInstancesAfterBackupRestoration (16ms)
Platform modules already initialized, skipping
Refreshing native plugins compatible for Editor in 7.18 ms, found 4 plugins.
Preloading 0 native plugins for Editor in 0.00 ms.
Unloading 3864 Unused Serialized files (Serialized files now loaded: 0)
Unloading 38 unused Assets / (125.4 KB). Loaded Objects now: 4460.
Memory consumption went from 150.8 MB to 150.6 MB.
Total: 7.436700 ms (FindLiveObjects: 1.247400 ms CreateObjectMapping: 0.755100 ms MarkObjects: 5.257500 ms  DeleteObjects: 0.174600 ms)

AssetImportParameters requested are different than current active one (requested -> active):
  custom:video-decoder-ogg-theora: a1e56fd34408186e4bbccfd4996cb3dc -> 
  custom:container-muxer-webm: aa71ff27fc2769a1b78a27578f13a17b -> 
  custom:container-demuxer-webm: 4f35f7cbe854078d1ac9338744f61a02 -> 
  custom:video-encoder-webm-vp8: eb34c28f22e8b96e1ab97ce403110664 -> 
  custom:video-codec-MediaFoundation-h265: 746d11721c4dcdbdad8f713fa42b33f4 -> 
  custom:audio-encoder-webm-vorbis: bf7c407c2cedff20999df2af8eb42d56 -> 
  custom:framework-win-MediaFoundation: 216162199b28c13a410421893ffa2e32 -> 
  custom:container-demuxer-ogg: 62fdf1f143b41e24485cea50d1cbac27 -> 
  custom:video-decoder-webm-vp8: 9c59270c3fd7afecdb556c50c9e8de78 -> 
  custom:audio-decoder-ogg-vorbis: bf7c407c2cedff20999df2af8eb42d56 -> 
========================================================================
Received Import Request.
  Time since last request: 58.618080 seconds.
  path: Assets/Invector-3rdPersonController/Basic Locomotion/Prefabs/Others/TutorialTrigger.prefab
  artifactKey: Guid(ee6b6825a91ae674c9b5887384ed033c) Importer(815301076,1909f56bfc062723c751e8b465ee728b)
Start importing Assets/Invector-3rdPersonController/Basic Locomotion/Prefabs/Others/TutorialTrigger.prefab using Guid(ee6b6825a91ae674c9b5887384ed033c) Importer(815301076,1909f56bfc062723c751e8b465ee728b)  -> (artifact id: 'e9b0fa2ea1b775d1ca7a85752656cf0c') in 0.116657 seconds 
========================================================================
Received Import Request.
  Time since last request: 6.831252 seconds.
  path: Assets/Invector-3rdPersonController/Basic Locomotion/Prefabs/Others
  artifactKey: Guid(4ecfabc0b7d69f049aeace5498d2c280) Importer(815301076,1909f56bfc062723c751e8b465ee728b)
Start importing Assets/Invector-3rdPersonController/Basic Locomotion/Prefabs/Others using Guid(4ecfabc0b7d69f049aeace5498d2c280) Importer(815301076,1909f56bfc062723c751e8b465ee728b)  -> (artifact id: 'ca3fcc92fabb64c8e42cdb492f9659fa') in 0.037597 seconds 
========================================================================
Received Import Request.
  Time since last request: 10.297558 seconds.
  path: Assets/Invector-3rdPersonController/Basic Locomotion/Prefabs/Others/question.fbx
  artifactKey: Guid(ce3a1c8a06daa234aa261c6f72355d5a) Importer(815301076,1909f56bfc062723c751e8b465ee728b)
Start importing Assets/Invector-3rdPersonController/Basic Locomotion/Prefabs/Others/question.fbx using Guid(ce3a1c8a06daa234aa261c6f72355d5a) Importer(815301076,1909f56bfc062723c751e8b465ee728b)  -> (artifact id: 'ffe5ed3bfcc45f463169c97811d7d4d3') in 0.069135 seconds 
========================================================================
Received Prepare
Registering precompiled user dll's ...
Registered in 0.007999 seconds.
Begin MonoManager ReloadAssembly
Symbol file LoadedFromMemory doesn't match image D:\Projects\Unity\My project\Library\PackageCache\com.unity.visualscripting@1.7.8\Editor\VisualScripting.Core\Dependencies\YamlDotNet\Unity.VisualScripting.YamlDotNet.dll
Symbol file LoadedFromMemory doesn't match image D:\Projects\Unity\My project\Library\PackageCache\com.unity.visualscripting@1.7.8\Editor\VisualScripting.Core\Dependencies\DotNetZip\Unity.VisualScripting.IonicZip.dll
Native extension for WindowsStandalone target not found
Native extension for Android target not found
Refreshing native plugins compatible for Editor in 2.42 ms, found 4 plugins.
Preloading 0 native plugins for Editor in 0.00 ms.
System.Reflection.TargetException: Non-static method requires a target.
  at System.Reflection.RuntimeMethodInfo.Invoke (System.Object obj, System.Reflection.BindingFlags invokeAttr, System.Reflection.Binder binder, System.Object[] parameters, System.Globalization.CultureInfo culture) [0x00019] in <9aad1b3a47484d63ba2b3985692d80e9>:0 
  at System.Reflection.MethodBase.Invoke (System.Object obj, System.Object[] parameters) [0x00000] in <9aad1b3a47484d63ba2b3985692d80e9>:0 
  at UnityEditor.EditorAssemblies.ProcessInitializeOnLoadMethodAttributes () [0x000a5] in <0d6ce211ebbc47e1a35a84c3672ff58f>:0 
UnityEngine.StackTraceUtility:ExtractStackTrace ()
UnityEngine.DebugLogHandler:LogFormat (UnityEngine.LogType,UnityEngine.Object,string,object[])
UnityEngine.Logger:Log (UnityEngine.LogType,object)
UnityEngine.Debug:LogError (object)
UnityEditor.EditorAssemblies:ProcessInitializeOnLoadMethodAttributes ()

Mono: successfully reloaded assembly
- Completed reload, in  2.392 seconds
Domain Reload Profiling:
	ReloadAssembly (2393ms)
		BeginReloadAssembly (205ms)
			ExecutionOrderSort (0ms)
			DisableScriptedObjects (8ms)
			BackupInstance (0ms)
			ReleaseScriptingObjects (0ms)
			CreateAndSetChildDomain (57ms)
		EndReloadAssembly (1993ms)
			LoadAssemblies (146ms)
			RebuildTransferFunctionScriptingTraits (0ms)
			SetupTypeCache (631ms)
			ReleaseScriptCaches (3ms)
			RebuildScriptCaches (124ms)
			SetupLoadedEditorAssemblies (952ms)
				LogAssemblyErrors (0ms)
				InitializePlatformSupportModulesInManaged (54ms)
				SetLoadedEditorAssemblies (2ms)
				RefreshPlugins (3ms)
				BeforeProcessingInitializeOnLoad (179ms)
				ProcessInitializeOnLoadAttributes (603ms)
				ProcessInitializeOnLoadMethodAttributes (91ms)
				AfterProcessingInitializeOnLoad (19ms)
				EditorAssembliesLoaded (1ms)
			ExecutionOrderSort2 (0ms)
			AwakeInstancesAfterBackupRestoration (16ms)
Platform modules already initialized, skipping
Refreshing native plugins compatible for Editor in 7.41 ms, found 4 plugins.
Preloading 0 native plugins for Editor in 0.00 ms.
Unloading 3864 Unused Serialized files (Serialized files now loaded: 0)
Unloading 38 unused Assets / (125.4 KB). Loaded Objects now: 4475.
Memory consumption went from 150.8 MB to 150.7 MB.
Total: 6.383100 ms (FindLiveObjects: 0.520400 ms CreateObjectMapping: 0.466800 ms MarkObjects: 5.264700 ms  DeleteObjects: 0.129900 ms)

AssetImportParameters requested are different than current active one (requested -> active):
  custom:video-decoder-ogg-theora: a1e56fd34408186e4bbccfd4996cb3dc -> 
  custom:container-muxer-webm: aa71ff27fc2769a1b78a27578f13a17b -> 
  custom:container-demuxer-webm: 4f35f7cbe854078d1ac9338744f61a02 -> 
  custom:video-encoder-webm-vp8: eb34c28f22e8b96e1ab97ce403110664 -> 
  custom:video-codec-MediaFoundation-h265: 746d11721c4dcdbdad8f713fa42b33f4 -> 
  custom:audio-encoder-webm-vorbis: bf7c407c2cedff20999df2af8eb42d56 -> 
  custom:framework-win-MediaFoundation: 216162199b28c13a410421893ffa2e32 -> 
  custom:container-demuxer-ogg: 62fdf1f143b41e24485cea50d1cbac27 -> 
  custom:video-decoder-webm-vp8: 9c59270c3fd7afecdb556c50c9e8de78 -> 
  custom:audio-decoder-ogg-vorbis: bf7c407c2cedff20999df2af8eb42d56 -> 
========================================================================
Received Import Request.
  Time since last request: 61.746128 seconds.
  path: Assets/Invector-3rdPersonController/Basic Locomotion/Prefabs/Others/question.fbx
  artifactKey: Guid(ce3a1c8a06daa234aa261c6f72355d5a) Importer(815301076,1909f56bfc062723c751e8b465ee728b)
Start importing Assets/Invector-3rdPersonController/Basic Locomotion/Prefabs/Others/question.fbx using Guid(ce3a1c8a06daa234aa261c6f72355d5a) Importer(815301076,1909f56bfc062723c751e8b465ee728b)  -> (artifact id: 'bd033bf101a893ebdac7a1805c0fbf00') in 0.197018 seconds 
========================================================================
Received Import Request.
  Time since last request: 5.176784 seconds.
  path: Assets/Invector-3rdPersonController/Melee Combat/3DModels/Other/VirtualShield/Material/virtualShield-02.mat
  artifactKey: Guid(23eeaf4dd29eaee47a5d156292226650) Importer(815301076,1909f56bfc062723c751e8b465ee728b)
Start importing Assets/Invector-3rdPersonController/Melee Combat/3DModels/Other/VirtualShield/Material/virtualShield-02.mat using Guid(23eeaf4dd29eaee47a5d156292226650) Importer(815301076,1909f56bfc062723c751e8b465ee728b)  -> (artifact id: '96e9e28b8aba153a85db90707b9690a9') in 0.016003 seconds 
========================================================================
Received Import Request.
  Time since last request: 4.092816 seconds.
  path: Assets/Invector-3rdPersonController/Basic Locomotion/Prefabs/Others/question.fbx
  artifactKey: Guid(ce3a1c8a06daa234aa261c6f72355d5a) Importer(815301076,1909f56bfc062723c751e8b465ee728b)
Start importing Assets/Invector-3rdPersonController/Basic Locomotion/Prefabs/Others/question.fbx using Guid(ce3a1c8a06daa234aa261c6f72355d5a) Importer(815301076,1909f56bfc062723c751e8b465ee728b)  -> (artifact id: 'c58fdab4d08e72461bbd32e178dd9e27') in 0.032369 seconds 
========================================================================
Received Import Request.
  Time since last request: 0.207185 seconds.
  path: Assets/Invector-3rdPersonController/Basic Locomotion/Prefabs/Others/TutorialTrigger.prefab
  artifactKey: Guid(ee6b6825a91ae674c9b5887384ed033c) Importer(815301076,1909f56bfc062723c751e8b465ee728b)
Start importing Assets/Invector-3rdPersonController/Basic Locomotion/Prefabs/Others/TutorialTrigger.prefab using Guid(ee6b6825a91ae674c9b5887384ed033c) Importer(815301076,1909f56bfc062723c751e8b465ee728b)  -> (artifact id: '13f4369a24a00e52f023cf39db914e22') in 0.032376 seconds 
========================================================================
Received Import Request.
  Time since last request: 9.792294 seconds.
  path: Assets/Invector-3rdPersonController/Basic Locomotion/Prefabs/Others/TutorialTrigger.prefab
  artifactKey: Guid(ee6b6825a91ae674c9b5887384ed033c) Importer(815301076,1909f56bfc062723c751e8b465ee728b)
Start importing Assets/Invector-3rdPersonController/Basic Locomotion/Prefabs/Others/TutorialTrigger.prefab using Guid(ee6b6825a91ae674c9b5887384ed033c) Importer(815301076,1909f56bfc062723c751e8b465ee728b)  -> (artifact id: 'ed2192f2f0e7e2530cca9e3045191d7c') in 0.070258 seconds 
========================================================================
Received Import Request.
  Time since last request: 5.184497 seconds.
  path: Assets/Invector-3rdPersonController/Basic Locomotion/Prefabs/Others/TutorialTrigger.prefab
  artifactKey: Guid(ee6b6825a91ae674c9b5887384ed033c) Importer(815301076,1909f56bfc062723c751e8b465ee728b)
Start importing Assets/Invector-3rdPersonController/Basic Locomotion/Prefabs/Others/TutorialTrigger.prefab using Guid(ee6b6825a91ae674c9b5887384ed033c) Importer(815301076,1909f56bfc062723c751e8b465ee728b)  -> (artifact id: 'd942f5651e898e519dd533d67fd07205') in 0.024909 seconds 
========================================================================
Received Import Request.
  Time since last request: 14.134734 seconds.
  path: Assets/Invector-3rdPersonController/Basic Locomotion/Prefabs/Others/TutorialTrigger.prefab
  artifactKey: Guid(ee6b6825a91ae674c9b5887384ed033c) Importer(815301076,1909f56bfc062723c751e8b465ee728b)
Start importing Assets/Invector-3rdPersonController/Basic Locomotion/Prefabs/Others/TutorialTrigger.prefab using Guid(ee6b6825a91ae674c9b5887384ed033c) Importer(815301076,1909f56bfc062723c751e8b465ee728b)  -> (artifact id: 'e5b558aec40ca4627ba2841a8ea77443') in 0.026862 seconds 
========================================================================
Received Import Request.
  Time since last request: 7.906588 seconds.
  path: Assets/Invector-3rdPersonController/Basic Locomotion/Prefabs/Others/TutorialTrigger.prefab
  artifactKey: Guid(ee6b6825a91ae674c9b5887384ed033c) Importer(815301076,1909f56bfc062723c751e8b465ee728b)
Start importing Assets/Invector-3rdPersonController/Basic Locomotion/Prefabs/Others/TutorialTrigger.prefab using Guid(ee6b6825a91ae674c9b5887384ed033c) Importer(815301076,1909f56bfc062723c751e8b465ee728b)  -> (artifact id: 'c8e1d1801e60010f369d97c821f921c7') in 0.024215 seconds 
========================================================================
Received Import Request.
  Time since last request: 2.199139 seconds.
  path: Assets/Invector-3rdPersonController/Basic Locomotion/Prefabs/Others/TutorialTrigger.prefab
  artifactKey: Guid(ee6b6825a91ae674c9b5887384ed033c) Importer(815301076,1909f56bfc062723c751e8b465ee728b)
Start importing Assets/Invector-3rdPersonController/Basic Locomotion/Prefabs/Others/TutorialTrigger.prefab using Guid(ee6b6825a91ae674c9b5887384ed033c) Importer(815301076,1909f56bfc062723c751e8b465ee728b)  -> (artifact id: 'f427500832546f8c99b69eaf804dd41d') in 0.030760 seconds 
========================================================================
Received Import Request.
  Time since last request: 3.211991 seconds.
  path: Assets/Invector-3rdPersonController/Basic Locomotion/Prefabs/Others/TutorialTrigger.prefab
  artifactKey: Guid(ee6b6825a91ae674c9b5887384ed033c) Importer(815301076,1909f56bfc062723c751e8b465ee728b)
Start importing Assets/Invector-3rdPersonController/Basic Locomotion/Prefabs/Others/TutorialTrigger.prefab using Guid(ee6b6825a91ae674c9b5887384ed033c) Importer(815301076,1909f56bfc062723c751e8b465ee728b)  -> (artifact id: 'aa20bab189e69af61920f172fb48fdc0') in 0.025664 seconds 
========================================================================
Received Import Request.
  Time since last request: 0.986266 seconds.
  path: Assets/Invector-3rdPersonController/Basic Locomotion/Prefabs/Others/TutorialTrigger.prefab
  artifactKey: Guid(ee6b6825a91ae674c9b5887384ed033c) Importer(815301076,1909f56bfc062723c751e8b465ee728b)
Start importing Assets/Invector-3rdPersonController/Basic Locomotion/Prefabs/Others/TutorialTrigger.prefab using Guid(ee6b6825a91ae674c9b5887384ed033c) Importer(815301076,1909f56bfc062723c751e8b465ee728b)  -> (artifact id: 'a06d8d0c8ef6c0f79d93f89565f59754') in 0.046340 seconds 
========================================================================
Received Import Request.
  Time since last request: 1.418506 seconds.
  path: Assets/Invector-3rdPersonController/Basic Locomotion/Prefabs/Others/TutorialTrigger.prefab
  artifactKey: Guid(ee6b6825a91ae674c9b5887384ed033c) Importer(815301076,1909f56bfc062723c751e8b465ee728b)
Start importing Assets/Invector-3rdPersonController/Basic Locomotion/Prefabs/Others/TutorialTrigger.prefab using Guid(ee6b6825a91ae674c9b5887384ed033c) Importer(815301076,1909f56bfc062723c751e8b465ee728b)  -> (artifact id: 'db350b035c2a8cedb26278cce1ac7efb') in 0.026807 seconds 
========================================================================
Received Import Request.
  Time since last request: 3.004981 seconds.
  path: Assets/Invector-3rdPersonController/Basic Locomotion/Prefabs/Others/TutorialTrigger.prefab
  artifactKey: Guid(ee6b6825a91ae674c9b5887384ed033c) Importer(815301076,1909f56bfc062723c751e8b465ee728b)
Start importing Assets/Invector-3rdPersonController/Basic Locomotion/Prefabs/Others/TutorialTrigger.prefab using Guid(ee6b6825a91ae674c9b5887384ed033c) Importer(815301076,1909f56bfc062723c751e8b465ee728b)  -> (artifact id: 'a61024944ca20cd43776506a2595c6d8') in 0.026552 seconds 
========================================================================
Received Import Request.
  Time since last request: 5.606347 seconds.
  path: Assets/Invector-3rdPersonController/Basic Locomotion/Prefabs/Others/TutorialTrigger.prefab
  artifactKey: Guid(ee6b6825a91ae674c9b5887384ed033c) Importer(815301076,1909f56bfc062723c751e8b465ee728b)
Start importing Assets/Invector-3rdPersonController/Basic Locomotion/Prefabs/Others/TutorialTrigger.prefab using Guid(ee6b6825a91ae674c9b5887384ed033c) Importer(815301076,1909f56bfc062723c751e8b465ee728b)  -> (artifact id: '0b7d0275d40bda47ad1c89b7db449d9a') in 0.028533 seconds 
========================================================================
Received Import Request.
  Time since last request: 1.702103 seconds.
  path: Assets/Invector-3rdPersonController/Basic Locomotion/Prefabs/Others/TutorialTrigger.prefab
  artifactKey: Guid(ee6b6825a91ae674c9b5887384ed033c) Importer(815301076,1909f56bfc062723c751e8b465ee728b)
Start importing Assets/Invector-3rdPersonController/Basic Locomotion/Prefabs/Others/TutorialTrigger.prefab using Guid(ee6b6825a91ae674c9b5887384ed033c) Importer(815301076,1909f56bfc062723c751e8b465ee728b)  -> (artifact id: '07a7253aef04a462f3643f054dd5d44d') in 0.027428 seconds 
========================================================================
Received Import Request.
  Time since last request: 2.407378 seconds.
  path: Assets/Invector-3rdPersonController/Basic Locomotion/Prefabs/Others/TutorialTrigger.prefab
  artifactKey: Guid(ee6b6825a91ae674c9b5887384ed033c) Importer(815301076,1909f56bfc062723c751e8b465ee728b)
Start importing Assets/Invector-3rdPersonController/Basic Locomotion/Prefabs/Others/TutorialTrigger.prefab using Guid(ee6b6825a91ae674c9b5887384ed033c) Importer(815301076,1909f56bfc062723c751e8b465ee728b)  -> (artifact id: '8358ce9f4ea5a80082c734c388e8db40') in 0.027531 seconds 
========================================================================
Received Import Request.
  Time since last request: 10.218051 seconds.
  path: Assets/Invector-3rdPersonController/Basic Locomotion/Prefabs/Others/TutorialTrigger.prefab
  artifactKey: Guid(ee6b6825a91ae674c9b5887384ed033c) Importer(815301076,1909f56bfc062723c751e8b465ee728b)
Start importing Assets/Invector-3rdPersonController/Basic Locomotion/Prefabs/Others/TutorialTrigger.prefab using Guid(ee6b6825a91ae674c9b5887384ed033c) Importer(815301076,1909f56bfc062723c751e8b465ee728b)  -> (artifact id: 'adef3acedf4bba4dc5d75baddd3c4082') in 0.022945 seconds 
========================================================================
Received Prepare
Registering precompiled user dll's ...
Registered in 0.012948 seconds.
Begin MonoManager ReloadAssembly
Symbol file LoadedFromMemory doesn't match image D:\Projects\Unity\My project\Library\PackageCache\com.unity.visualscripting@1.7.8\Editor\VisualScripting.Core\Dependencies\YamlDotNet\Unity.VisualScripting.YamlDotNet.dll
Symbol file LoadedFromMemory doesn't match image D:\Projects\Unity\My project\Library\PackageCache\com.unity.visualscripting@1.7.8\Editor\VisualScripting.Core\Dependencies\DotNetZip\Unity.VisualScripting.IonicZip.dll
Native extension for WindowsStandalone target not found
Native extension for Android target not found
Refreshing native plugins compatible for Editor in 1.17 ms, found 4 plugins.
Preloading 0 native plugins for Editor in 0.00 ms.
System.Reflection.TargetException: Non-static method requires a target.
  at System.Reflection.RuntimeMethodInfo.Invoke (System.Object obj, System.Reflection.BindingFlags invokeAttr, System.Reflection.Binder binder, System.Object[] parameters, System.Globalization.CultureInfo culture) [0x00019] in <9aad1b3a47484d63ba2b3985692d80e9>:0 
  at System.Reflection.MethodBase.Invoke (System.Object obj, System.Object[] parameters) [0x00000] in <9aad1b3a47484d63ba2b3985692d80e9>:0 
  at UnityEditor.EditorAssemblies.ProcessInitializeOnLoadMethodAttributes () [0x000a5] in <0d6ce211ebbc47e1a35a84c3672ff58f>:0 
UnityEngine.StackTraceUtility:ExtractStackTrace ()
UnityEngine.DebugLogHandler:LogFormat (UnityEngine.LogType,UnityEngine.Object,string,object[])
UnityEngine.Logger:Log (UnityEngine.LogType,object)
UnityEngine.Debug:LogError (object)
UnityEditor.EditorAssemblies:ProcessInitializeOnLoadMethodAttributes ()

Mono: successfully reloaded assembly
- Completed reload, in  2.393 seconds
Domain Reload Profiling:
	ReloadAssembly (2395ms)
		BeginReloadAssembly (225ms)
			ExecutionOrderSort (0ms)
			DisableScriptedObjects (9ms)
			BackupInstance (0ms)
			ReleaseScriptingObjects (0ms)
			CreateAndSetChildDomain (65ms)
		EndReloadAssembly (1991ms)
			LoadAssemblies (148ms)
			RebuildTransferFunctionScriptingTraits (0ms)
			SetupTypeCache (527ms)
			ReleaseScriptCaches (3ms)
			RebuildScriptCaches (139ms)
			SetupLoadedEditorAssemblies (1020ms)
				LogAssemblyErrors (0ms)
				InitializePlatformSupportModulesInManaged (57ms)
				SetLoadedEditorAssemblies (1ms)
				RefreshPlugins (1ms)
				BeforeProcessingInitializeOnLoad (175ms)
				ProcessInitializeOnLoadAttributes (651ms)
				ProcessInitializeOnLoadMethodAttributes (109ms)
				AfterProcessingInitializeOnLoad (26ms)
				EditorAssembliesLoaded (1ms)
			ExecutionOrderSort2 (0ms)
			AwakeInstancesAfterBackupRestoration (20ms)
Platform modules already initialized, skipping
Refreshing native plugins compatible for Editor in 7.57 ms, found 4 plugins.
Preloading 0 native plugins for Editor in 0.00 ms.
Unloading 3864 Unused Serialized files (Serialized files now loaded: 0)
Unloading 38 unused Assets / (125.4 KB). Loaded Objects now: 4490.
Memory consumption went from 151.2 MB to 151.1 MB.
Total: 4.635100 ms (FindLiveObjects: 0.489200 ms CreateObjectMapping: 0.357800 ms MarkObjects: 3.634100 ms  DeleteObjects: 0.152700 ms)

AssetImportParameters requested are different than current active one (requested -> active):
  custom:video-decoder-ogg-theora: a1e56fd34408186e4bbccfd4996cb3dc -> 
  custom:container-muxer-webm: aa71ff27fc2769a1b78a27578f13a17b -> 
  custom:container-demuxer-webm: 4f35f7cbe854078d1ac9338744f61a02 -> 
  custom:video-encoder-webm-vp8: eb34c28f22e8b96e1ab97ce403110664 -> 
  custom:video-codec-MediaFoundation-h265: 746d11721c4dcdbdad8f713fa42b33f4 -> 
  custom:audio-encoder-webm-vorbis: bf7c407c2cedff20999df2af8eb42d56 -> 
  custom:framework-win-MediaFoundation: 216162199b28c13a410421893ffa2e32 -> 
  custom:container-demuxer-ogg: 62fdf1f143b41e24485cea50d1cbac27 -> 
  custom:video-decoder-webm-vp8: 9c59270c3fd7afecdb556c50c9e8de78 -> 
  custom:audio-decoder-ogg-vorbis: bf7c407c2cedff20999df2af8eb42d56 -> 
========================================================================
Received Prepare
Registering precompiled user dll's ...
Registered in 0.014337 seconds.
Begin MonoManager ReloadAssembly
Symbol file LoadedFromMemory doesn't match image D:\Projects\Unity\My project\Library\PackageCache\com.unity.visualscripting@1.7.8\Editor\VisualScripting.Core\Dependencies\YamlDotNet\Unity.VisualScripting.YamlDotNet.dll
Symbol file LoadedFromMemory doesn't match image D:\Projects\Unity\My project\Library\PackageCache\com.unity.visualscripting@1.7.8\Editor\VisualScripting.Core\Dependencies\DotNetZip\Unity.VisualScripting.IonicZip.dll
Native extension for WindowsStandalone target not found
Native extension for Android target not found
Refreshing native plugins compatible for Editor in 4.53 ms, found 4 plugins.
Preloading 0 native plugins for Editor in 0.00 ms.
System.Reflection.TargetException: Non-static method requires a target.
  at System.Reflection.RuntimeMethodInfo.Invoke (System.Object obj, System.Reflection.BindingFlags invokeAttr, System.Reflection.Binder binder, System.Object[] parameters, System.Globalization.CultureInfo culture) [0x00019] in <9aad1b3a47484d63ba2b3985692d80e9>:0 
  at System.Reflection.MethodBase.Invoke (System.Object obj, System.Object[] parameters) [0x00000] in <9aad1b3a47484d63ba2b3985692d80e9>:0 
  at UnityEditor.EditorAssemblies.ProcessInitializeOnLoadMethodAttributes () [0x000a5] in <0d6ce211ebbc47e1a35a84c3672ff58f>:0 
UnityEngine.StackTraceUtility:ExtractStackTrace ()
UnityEngine.DebugLogHandler:LogFormat (UnityEngine.LogType,UnityEngine.Object,string,object[])
UnityEngine.Logger:Log (UnityEngine.LogType,object)
UnityEngine.Debug:LogError (object)
UnityEditor.EditorAssemblies:ProcessInitializeOnLoadMethodAttributes ()

Mono: successfully reloaded assembly
- Completed reload, in  2.711 seconds
Domain Reload Profiling:
	ReloadAssembly (2712ms)
		BeginReloadAssembly (204ms)
			ExecutionOrderSort (0ms)
			DisableScriptedObjects (8ms)
			BackupInstance (0ms)
			ReleaseScriptingObjects (0ms)
			CreateAndSetChildDomain (50ms)
		EndReloadAssembly (2308ms)
			LoadAssemblies (156ms)
			RebuildTransferFunctionScriptingTraits (0ms)
			SetupTypeCache (537ms)
			ReleaseScriptCaches (3ms)
			RebuildScriptCaches (129ms)
			SetupLoadedEditorAssemblies (1319ms)
				LogAssemblyErrors (0ms)
				InitializePlatformSupportModulesInManaged (88ms)
				SetLoadedEditorAssemblies (4ms)
				RefreshPlugins (5ms)
				BeforeProcessingInitializeOnLoad (281ms)
				ProcessInitializeOnLoadAttributes (818ms)
				ProcessInitializeOnLoadMethodAttributes (97ms)
				AfterProcessingInitializeOnLoad (25ms)
				EditorAssembliesLoaded (1ms)
			ExecutionOrderSort2 (0ms)
			AwakeInstancesAfterBackupRestoration (18ms)
Platform modules already initialized, skipping
Refreshing native plugins compatible for Editor in 17.87 ms, found 4 plugins.
Preloading 0 native plugins for Editor in 0.00 ms.
Unloading 3864 Unused Serialized files (Serialized files now loaded: 0)
Unloading 38 unused Assets / (125.5 KB). Loaded Objects now: 4505.
Memory consumption went from 151.3 MB to 151.1 MB.
Total: 19.394600 ms (FindLiveObjects: 0.691400 ms CreateObjectMapping: 2.060800 ms MarkObjects: 16.413000 ms  DeleteObjects: 0.227600 ms)

AssetImportParameters requested are different than current active one (requested -> active):
  custom:video-decoder-ogg-theora: a1e56fd34408186e4bbccfd4996cb3dc -> 
  custom:container-muxer-webm: aa71ff27fc2769a1b78a27578f13a17b -> 
  custom:container-demuxer-webm: 4f35f7cbe854078d1ac9338744f61a02 -> 
  custom:video-encoder-webm-vp8: eb34c28f22e8b96e1ab97ce403110664 -> 
  custom:video-codec-MediaFoundation-h265: 746d11721c4dcdbdad8f713fa42b33f4 -> 
  custom:audio-encoder-webm-vorbis: bf7c407c2cedff20999df2af8eb42d56 -> 
  custom:framework-win-MediaFoundation: 216162199b28c13a410421893ffa2e32 -> 
  custom:container-demuxer-ogg: 62fdf1f143b41e24485cea50d1cbac27 -> 
  custom:video-decoder-webm-vp8: 9c59270c3fd7afecdb556c50c9e8de78 -> 
  custom:audio-decoder-ogg-vorbis: bf7c407c2cedff20999df2af8eb42d56 -> 
========================================================================
Received Prepare
Registering precompiled user dll's ...
Registered in 0.008117 seconds.
Begin MonoManager ReloadAssembly
Symbol file LoadedFromMemory doesn't match image D:\Projects\Unity\My project\Library\PackageCache\com.unity.visualscripting@1.7.8\Editor\VisualScripting.Core\Dependencies\YamlDotNet\Unity.VisualScripting.YamlDotNet.dll
Symbol file LoadedFromMemory doesn't match image D:\Projects\Unity\My project\Library\PackageCache\com.unity.visualscripting@1.7.8\Editor\VisualScripting.Core\Dependencies\DotNetZip\Unity.VisualScripting.IonicZip.dll
Native extension for WindowsStandalone target not found
Native extension for Android target not found
Refreshing native plugins compatible for Editor in 1.03 ms, found 4 plugins.
Preloading 0 native plugins for Editor in 0.00 ms.
System.Reflection.TargetException: Non-static method requires a target.
  at System.Reflection.RuntimeMethodInfo.Invoke (System.Object obj, System.Reflection.BindingFlags invokeAttr, System.Reflection.Binder binder, System.Object[] parameters, System.Globalization.CultureInfo culture) [0x00019] in <9aad1b3a47484d63ba2b3985692d80e9>:0 
  at System.Reflection.MethodBase.Invoke (System.Object obj, System.Object[] parameters) [0x00000] in <9aad1b3a47484d63ba2b3985692d80e9>:0 
  at UnityEditor.EditorAssemblies.ProcessInitializeOnLoadMethodAttributes () [0x000a5] in <0d6ce211ebbc47e1a35a84c3672ff58f>:0 
UnityEngine.StackTraceUtility:ExtractStackTrace ()
UnityEngine.DebugLogHandler:LogFormat (UnityEngine.LogType,UnityEngine.Object,string,object[])
UnityEngine.Logger:Log (UnityEngine.LogType,object)
UnityEngine.Debug:LogError (object)
UnityEditor.EditorAssemblies:ProcessInitializeOnLoadMethodAttributes ()

Mono: successfully reloaded assembly
- Completed reload, in  2.265 seconds
Domain Reload Profiling:
	ReloadAssembly (2267ms)
		BeginReloadAssembly (210ms)
			ExecutionOrderSort (0ms)
			DisableScriptedObjects (7ms)
			BackupInstance (0ms)
			ReleaseScriptingObjects (0ms)
			CreateAndSetChildDomain (57ms)
		EndReloadAssembly (1848ms)
			LoadAssemblies (142ms)
			RebuildTransferFunctionScriptingTraits (0ms)
			SetupTypeCache (490ms)
			ReleaseScriptCaches (2ms)
			RebuildScriptCaches (83ms)
			SetupLoadedEditorAssemblies (983ms)
				LogAssemblyErrors (0ms)
				InitializePlatformSupportModulesInManaged (66ms)
				SetLoadedEditorAssemblies (1ms)
				RefreshPlugins (1ms)
				BeforeProcessingInitializeOnLoad (199ms)
				ProcessInitializeOnLoadAttributes (610ms)
				ProcessInitializeOnLoadMethodAttributes (89ms)
				AfterProcessingInitializeOnLoad (17ms)
				EditorAssembliesLoaded (0ms)
			ExecutionOrderSort2 (0ms)
			AwakeInstancesAfterBackupRestoration (14ms)
Platform modules already initialized, skipping
Refreshing native plugins compatible for Editor in 8.89 ms, found 4 plugins.
Preloading 0 native plugins for Editor in 0.00 ms.
Unloading 3864 Unused Serialized files (Serialized files now loaded: 0)
Unloading 38 unused Assets / (125.4 KB). Loaded Objects now: 4520.
Memory consumption went from 151.3 MB to 151.1 MB.
Total: 5.862900 ms (FindLiveObjects: 0.969400 ms CreateObjectMapping: 0.412500 ms MarkObjects: 4.348700 ms  DeleteObjects: 0.130800 ms)

AssetImportParameters requested are different than current active one (requested -> active):
  custom:video-decoder-ogg-theora: a1e56fd34408186e4bbccfd4996cb3dc -> 
  custom:container-muxer-webm: aa71ff27fc2769a1b78a27578f13a17b -> 
  custom:container-demuxer-webm: 4f35f7cbe854078d1ac9338744f61a02 -> 
  custom:video-encoder-webm-vp8: eb34c28f22e8b96e1ab97ce403110664 -> 
  custom:video-codec-MediaFoundation-h265: 746d11721c4dcdbdad8f713fa42b33f4 -> 
  custom:audio-encoder-webm-vorbis: bf7c407c2cedff20999df2af8eb42d56 -> 
  custom:framework-win-MediaFoundation: 216162199b28c13a410421893ffa2e32 -> 
  custom:container-demuxer-ogg: 62fdf1f143b41e24485cea50d1cbac27 -> 
  custom:video-decoder-webm-vp8: 9c59270c3fd7afecdb556c50c9e8de78 -> 
  custom:audio-decoder-ogg-vorbis: bf7c407c2cedff20999df2af8eb42d56 -> 
========================================================================
Received Prepare
Registering precompiled user dll's ...
Registered in 0.009994 seconds.
Begin MonoManager ReloadAssembly
Symbol file LoadedFromMemory doesn't match image D:\Projects\Unity\My project\Library\PackageCache\com.unity.visualscripting@1.7.8\Editor\VisualScripting.Core\Dependencies\YamlDotNet\Unity.VisualScripting.YamlDotNet.dll
Symbol file LoadedFromMemory doesn't match image D:\Projects\Unity\My project\Library\PackageCache\com.unity.visualscripting@1.7.8\Editor\VisualScripting.Core\Dependencies\DotNetZip\Unity.VisualScripting.IonicZip.dll
Native extension for WindowsStandalone target not found
Native extension for Android target not found
Refreshing native plugins compatible for Editor in 1.93 ms, found 4 plugins.
Preloading 0 native plugins for Editor in 0.00 ms.
System.Reflection.TargetException: Non-static method requires a target.
  at System.Reflection.RuntimeMethodInfo.Invoke (System.Object obj, System.Reflection.BindingFlags invokeAttr, System.Reflection.Binder binder, System.Object[] parameters, System.Globalization.CultureInfo culture) [0x00019] in <9aad1b3a47484d63ba2b3985692d80e9>:0 
  at System.Reflection.MethodBase.Invoke (System.Object obj, System.Object[] parameters) [0x00000] in <9aad1b3a47484d63ba2b3985692d80e9>:0 
  at UnityEditor.EditorAssemblies.ProcessInitializeOnLoadMethodAttributes () [0x000a5] in <0d6ce211ebbc47e1a35a84c3672ff58f>:0 
UnityEngine.StackTraceUtility:ExtractStackTrace ()
UnityEngine.DebugLogHandler:LogFormat (UnityEngine.LogType,UnityEngine.Object,string,object[])
UnityEngine.Logger:Log (UnityEngine.LogType,object)
UnityEngine.Debug:LogError (object)
UnityEditor.EditorAssemblies:ProcessInitializeOnLoadMethodAttributes ()

Mono: successfully reloaded assembly
- Completed reload, in  2.180 seconds
Domain Reload Profiling:
	ReloadAssembly (2181ms)
		BeginReloadAssembly (199ms)
			ExecutionOrderSort (0ms)
			DisableScriptedObjects (8ms)
			BackupInstance (0ms)
			ReleaseScriptingObjects (0ms)
			CreateAndSetChildDomain (49ms)
		EndReloadAssembly (1793ms)
			LoadAssemblies (143ms)
			RebuildTransferFunctionScriptingTraits (0ms)
			SetupTypeCache (498ms)
			ReleaseScriptCaches (2ms)
			RebuildScriptCaches (80ms)
			SetupLoadedEditorAssemblies (961ms)
				LogAssemblyErrors (0ms)
				InitializePlatformSupportModulesInManaged (54ms)
				SetLoadedEditorAssemblies (1ms)
				RefreshPlugins (2ms)
				BeforeProcessingInitializeOnLoad (202ms)
				ProcessInitializeOnLoadAttributes (583ms)
				ProcessInitializeOnLoadMethodAttributes (96ms)
				AfterProcessingInitializeOnLoad (22ms)
				EditorAssembliesLoaded (1ms)
			ExecutionOrderSort2 (0ms)
			AwakeInstancesAfterBackupRestoration (16ms)
Platform modules already initialized, skipping
Refreshing native plugins compatible for Editor in 7.87 ms, found 4 plugins.
Preloading 0 native plugins for Editor in 0.00 ms.
Unloading 3864 Unused Serialized files (Serialized files now loaded: 0)
Unloading 38 unused Assets / (125.5 KB). Loaded Objects now: 4535.
Memory consumption went from 151.3 MB to 151.2 MB.
Total: 7.075500 ms (FindLiveObjects: 0.864900 ms CreateObjectMapping: 0.741500 ms MarkObjects: 5.295000 ms  DeleteObjects: 0.171500 ms)

AssetImportParameters requested are different than current active one (requested -> active):
  custom:video-decoder-ogg-theora: a1e56fd34408186e4bbccfd4996cb3dc -> 
  custom:container-muxer-webm: aa71ff27fc2769a1b78a27578f13a17b -> 
  custom:container-demuxer-webm: 4f35f7cbe854078d1ac9338744f61a02 -> 
  custom:video-encoder-webm-vp8: eb34c28f22e8b96e1ab97ce403110664 -> 
  custom:video-codec-MediaFoundation-h265: 746d11721c4dcdbdad8f713fa42b33f4 -> 
  custom:audio-encoder-webm-vorbis: bf7c407c2cedff20999df2af8eb42d56 -> 
  custom:framework-win-MediaFoundation: 216162199b28c13a410421893ffa2e32 -> 
  custom:container-demuxer-ogg: 62fdf1f143b41e24485cea50d1cbac27 -> 
  custom:video-decoder-webm-vp8: 9c59270c3fd7afecdb556c50c9e8de78 -> 
  custom:audio-decoder-ogg-vorbis: bf7c407c2cedff20999df2af8eb42d56 -> 
========================================================================
Received Prepare
Registering precompiled user dll's ...
Registered in 0.012138 seconds.
Begin MonoManager ReloadAssembly
Symbol file LoadedFromMemory doesn't match image D:\Projects\Unity\My project\Library\PackageCache\com.unity.visualscripting@1.7.8\Editor\VisualScripting.Core\Dependencies\YamlDotNet\Unity.VisualScripting.YamlDotNet.dll
Symbol file LoadedFromMemory doesn't match image D:\Projects\Unity\My project\Library\PackageCache\com.unity.visualscripting@1.7.8\Editor\VisualScripting.Core\Dependencies\DotNetZip\Unity.VisualScripting.IonicZip.dll
Native extension for WindowsStandalone target not found
Native extension for Android target not found
Refreshing native plugins compatible for Editor in 1.20 ms, found 4 plugins.
Preloading 0 native plugins for Editor in 0.00 ms.
System.Reflection.TargetException: Non-static method requires a target.
  at System.Reflection.RuntimeMethodInfo.Invoke (System.Object obj, System.Reflection.BindingFlags invokeAttr, System.Reflection.Binder binder, System.Object[] parameters, System.Globalization.CultureInfo culture) [0x00019] in <9aad1b3a47484d63ba2b3985692d80e9>:0 
  at System.Reflection.MethodBase.Invoke (System.Object obj, System.Object[] parameters) [0x00000] in <9aad1b3a47484d63ba2b3985692d80e9>:0 
  at UnityEditor.EditorAssemblies.ProcessInitializeOnLoadMethodAttributes () [0x000a5] in <0d6ce211ebbc47e1a35a84c3672ff58f>:0 
UnityEngine.StackTraceUtility:ExtractStackTrace ()
UnityEngine.DebugLogHandler:LogFormat (UnityEngine.LogType,UnityEngine.Object,string,object[])
UnityEngine.Logger:Log (UnityEngine.LogType,object)
UnityEngine.Debug:LogError (object)
UnityEditor.EditorAssemblies:ProcessInitializeOnLoadMethodAttributes ()

Mono: successfully reloaded assembly
- Completed reload, in  2.252 seconds
Domain Reload Profiling:
	ReloadAssembly (2253ms)
		BeginReloadAssembly (230ms)
			ExecutionOrderSort (0ms)
			DisableScriptedObjects (8ms)
			BackupInstance (0ms)
			ReleaseScriptingObjects (0ms)
			CreateAndSetChildDomain (64ms)
		EndReloadAssembly (1849ms)
			LoadAssemblies (154ms)
			RebuildTransferFunctionScriptingTraits (0ms)
			SetupTypeCache (508ms)
			ReleaseScriptCaches (3ms)
			RebuildScriptCaches (84ms)
			SetupLoadedEditorAssemblies (970ms)
				LogAssemblyErrors (0ms)
				InitializePlatformSupportModulesInManaged (65ms)
				SetLoadedEditorAssemblies (1ms)
				RefreshPlugins (1ms)
				BeforeProcessingInitializeOnLoad (168ms)
				ProcessInitializeOnLoadAttributes (632ms)
				ProcessInitializeOnLoadMethodAttributes (83ms)
				AfterProcessingInitializeOnLoad (19ms)
				EditorAssembliesLoaded (0ms)
			ExecutionOrderSort2 (0ms)
			AwakeInstancesAfterBackupRestoration (16ms)
Platform modules already initialized, skipping
Refreshing native plugins compatible for Editor in 7.25 ms, found 4 plugins.
Preloading 0 native plugins for Editor in 0.00 ms.
Unloading 3864 Unused Serialized files (Serialized files now loaded: 0)
Unloading 38 unused Assets / (125.4 KB). Loaded Objects now: 4550.
Memory consumption went from 151.3 MB to 151.2 MB.
Total: 8.684900 ms (FindLiveObjects: 0.614200 ms CreateObjectMapping: 0.412700 ms MarkObjects: 7.430300 ms  DeleteObjects: 0.225700 ms)

AssetImportParameters requested are different than current active one (requested -> active):
  custom:video-decoder-ogg-theora: a1e56fd34408186e4bbccfd4996cb3dc -> 
  custom:container-muxer-webm: aa71ff27fc2769a1b78a27578f13a17b -> 
  custom:container-demuxer-webm: 4f35f7cbe854078d1ac9338744f61a02 -> 
  custom:video-encoder-webm-vp8: eb34c28f22e8b96e1ab97ce403110664 -> 
  custom:video-codec-MediaFoundation-h265: 746d11721c4dcdbdad8f713fa42b33f4 -> 
  custom:audio-encoder-webm-vorbis: bf7c407c2cedff20999df2af8eb42d56 -> 
  custom:framework-win-MediaFoundation: 216162199b28c13a410421893ffa2e32 -> 
  custom:container-demuxer-ogg: 62fdf1f143b41e24485cea50d1cbac27 -> 
  custom:video-decoder-webm-vp8: 9c59270c3fd7afecdb556c50c9e8de78 -> 
  custom:audio-decoder-ogg-vorbis: bf7c407c2cedff20999df2af8eb42d56 -> 
========================================================================
Received Prepare
Registering precompiled user dll's ...
Registered in 0.012051 seconds.
Begin MonoManager ReloadAssembly
Symbol file LoadedFromMemory doesn't match image D:\Projects\Unity\My project\Library\PackageCache\com.unity.visualscripting@1.7.8\Editor\VisualScripting.Core\Dependencies\YamlDotNet\Unity.VisualScripting.YamlDotNet.dll
Symbol file LoadedFromMemory doesn't match image D:\Projects\Unity\My project\Library\PackageCache\com.unity.visualscripting@1.7.8\Editor\VisualScripting.Core\Dependencies\DotNetZip\Unity.VisualScripting.IonicZip.dll
Native extension for WindowsStandalone target not found
Native extension for Android target not found
Refreshing native plugins compatible for Editor in 1.55 ms, found 4 plugins.
Preloading 0 native plugins for Editor in 0.00 ms.
System.Reflection.TargetException: Non-static method requires a target.
  at System.Reflection.RuntimeMethodInfo.Invoke (System.Object obj, System.Reflection.BindingFlags invokeAttr, System.Reflection.Binder binder, System.Object[] parameters, System.Globalization.CultureInfo culture) [0x00019] in <9aad1b3a47484d63ba2b3985692d80e9>:0 
  at System.Reflection.MethodBase.Invoke (System.Object obj, System.Object[] parameters) [0x00000] in <9aad1b3a47484d63ba2b3985692d80e9>:0 
  at UnityEditor.EditorAssemblies.ProcessInitializeOnLoadMethodAttributes () [0x000a5] in <0d6ce211ebbc47e1a35a84c3672ff58f>:0 
UnityEngine.StackTraceUtility:ExtractStackTrace ()
UnityEngine.DebugLogHandler:LogFormat (UnityEngine.LogType,UnityEngine.Object,string,object[])
UnityEngine.Logger:Log (UnityEngine.LogType,object)
UnityEngine.Debug:LogError (object)
UnityEditor.EditorAssemblies:ProcessInitializeOnLoadMethodAttributes ()

Mono: successfully reloaded assembly
- Completed reload, in  2.103 seconds
Domain Reload Profiling:
	ReloadAssembly (2104ms)
		BeginReloadAssembly (214ms)
			ExecutionOrderSort (0ms)
			DisableScriptedObjects (7ms)
			BackupInstance (0ms)
			ReleaseScriptingObjects (0ms)
			CreateAndSetChildDomain (58ms)
		EndReloadAssembly (1714ms)
			LoadAssemblies (152ms)
			RebuildTransferFunctionScriptingTraits (0ms)
			SetupTypeCache (478ms)
			ReleaseScriptCaches (2ms)
			RebuildScriptCaches (88ms)
			SetupLoadedEditorAssemblies (892ms)
				LogAssemblyErrors (0ms)
				InitializePlatformSupportModulesInManaged (54ms)
				SetLoadedEditorAssemblies (1ms)
				RefreshPlugins (2ms)
				BeforeProcessingInitializeOnLoad (159ms)
				ProcessInitializeOnLoadAttributes (563ms)
				ProcessInitializeOnLoadMethodAttributes (87ms)
				AfterProcessingInitializeOnLoad (26ms)
				EditorAssembliesLoaded (0ms)
			ExecutionOrderSort2 (0ms)
			AwakeInstancesAfterBackupRestoration (13ms)
Platform modules already initialized, skipping
Refreshing native plugins compatible for Editor in 9.56 ms, found 4 plugins.
Preloading 0 native plugins for Editor in 0.00 ms.
Unloading 3864 Unused Serialized files (Serialized files now loaded: 0)
Unloading 38 unused Assets / (125.5 KB). Loaded Objects now: 4565.
Memory consumption went from 151.3 MB to 151.2 MB.
Total: 6.063200 ms (FindLiveObjects: 0.574600 ms CreateObjectMapping: 0.366600 ms MarkObjects: 4.997500 ms  DeleteObjects: 0.123500 ms)

AssetImportParameters requested are different than current active one (requested -> active):
  custom:video-decoder-ogg-theora: a1e56fd34408186e4bbccfd4996cb3dc -> 
  custom:container-muxer-webm: aa71ff27fc2769a1b78a27578f13a17b -> 
  custom:container-demuxer-webm: 4f35f7cbe854078d1ac9338744f61a02 -> 
  custom:video-encoder-webm-vp8: eb34c28f22e8b96e1ab97ce403110664 -> 
  custom:video-codec-MediaFoundation-h265: 746d11721c4dcdbdad8f713fa42b33f4 -> 
  custom:audio-encoder-webm-vorbis: bf7c407c2cedff20999df2af8eb42d56 -> 
  custom:framework-win-MediaFoundation: 216162199b28c13a410421893ffa2e32 -> 
  custom:container-demuxer-ogg: 62fdf1f143b41e24485cea50d1cbac27 -> 
  custom:video-decoder-webm-vp8: 9c59270c3fd7afecdb556c50c9e8de78 -> 
  custom:audio-decoder-ogg-vorbis: bf7c407c2cedff20999df2af8eb42d56 -> 
