Using pre-set license
Built from '2021.3/staging' branch; Version is '2021.3.9f1 (ad3870b89536) revision 11352176'; Using compiler version '192829333'; Build Type 'Release'
OS: 'Windows 10  (10.0.19045) 64bit Professional' Language: 'ru' Physical Memory: 6091 MB
BatchMode: 1, IsHumanControllingUs: 0, StartBugReporterOnCrash: 0, Is64bit: 1, IsPro: 1

COMMAND LINE ARGUMENTS:
C:\Program Files\Unity\Hub\Editor\2021.3.9f1\Editor\Unity.exe
-adb2
-batchMode
-noUpm
-name
AssetImportWorker1
-projectPath
C:/Users/gd200/Desktop/GithubRepos/punch_boga
-logFile
Logs/AssetImportWorker1.log
-srvPort
60868
Successfully changed project path to: C:/Users/gd200/Desktop/GithubRepos/punch_boga
C:/Users/gd200/Desktop/GithubRepos/punch_boga
[UnityMemory] Configuration Parameters - Can be set up in boot.config
    "memorysetup-bucket-allocator-granularity=16"
    "memorysetup-bucket-allocator-bucket-count=8"
    "memorysetup-bucket-allocator-block-size=33554432"
    "memorysetup-bucket-allocator-block-count=8"
    "memorysetup-main-allocator-block-size=16777216"
    "memorysetup-thread-allocator-block-size=16777216"
    "memorysetup-gfx-main-allocator-block-size=16777216"
    "memorysetup-gfx-thread-allocator-block-size=16777216"
    "memorysetup-cache-allocator-block-size=4194304"
    "memorysetup-typetree-allocator-block-size=2097152"
    "memorysetup-profiler-bucket-allocator-granularity=16"
    "memorysetup-profiler-bucket-allocator-bucket-count=8"
    "memorysetup-profiler-bucket-allocator-block-size=33554432"
    "memorysetup-profiler-bucket-allocator-block-count=8"
    "memorysetup-profiler-allocator-block-size=16777216"
    "memorysetup-profiler-editor-allocator-block-size=1048576"
    "memorysetup-temp-allocator-size-main=16777216"
    "memorysetup-job-temp-allocator-block-size=2097152"
    "memorysetup-job-temp-allocator-block-size-background=1048576"
    "memorysetup-job-temp-allocator-reduction-small-platforms=262144"
    "memorysetup-temp-allocator-size-background-worker=32768"
    "memorysetup-temp-allocator-size-job-worker=262144"
    "memorysetup-temp-allocator-size-preload-manager=33554432"
    "memorysetup-temp-allocator-size-nav-mesh-worker=65536"
    "memorysetup-temp-allocator-size-audio-worker=65536"
    "memorysetup-temp-allocator-size-cloud-worker=32768"
    "memorysetup-temp-allocator-size-gi-baking-worker=262144"
    "memorysetup-temp-allocator-size-gfx=262144"
Refreshing native plugins compatible for Editor in 451.31 ms, found 4 plugins.
Preloading 0 native plugins for Editor in 0.00 ms.
Initialize engine version: 2021.3.9f1 (ad3870b89536)
[Subsystems] Discovering subsystems at path C:/Program Files/Unity/Hub/Editor/2021.3.9f1/Editor/Data/Resources/UnitySubsystems
[Subsystems] Discovering subsystems at path C:/Users/gd200/Desktop/GithubRepos/punch_boga/Assets
GfxDevice: creating device client; threaded=0; jobified=0
Direct3D:
    Version:  Direct3D 11.0 [level 11.1]
    Renderer: AMD Radeon(TM) Vega 8 Graphics (ID=0x15d8)
    Vendor:   ATI
    VRAM:     3045 MB
    Driver:   30.0.13044.10001
Initialize mono
Mono path[0] = 'C:/Program Files/Unity/Hub/Editor/2021.3.9f1/Editor/Data/Managed'
Mono path[1] = 'C:/Program Files/Unity/Hub/Editor/2021.3.9f1/Editor/Data/MonoBleedingEdge/lib/mono/unityjit-win32'
Mono config path = 'C:/Program Files/Unity/Hub/Editor/2021.3.9f1/Editor/Data/MonoBleedingEdge/etc'
Using monoOptions --debugger-agent=transport=dt_socket,embedding=1,server=y,suspend=n,address=127.0.0.1:56156
Begin MonoManager ReloadAssembly
Registering precompiled unity dll's ...
Register platform support module: C:/Program Files/Unity/Hub/Editor/2021.3.9f1/Editor/Data/PlaybackEngines/WebGLSupport/UnityEditor.WebGL.Extensions.dll
Register platform support module: C:/Program Files/Unity/Hub/Editor/2021.3.9f1/Editor/Data/PlaybackEngines/AndroidPlayer/UnityEditor.Android.Extensions.dll
Register platform support module: C:/Program Files/Unity/Hub/Editor/2021.3.9f1/Editor/Data/PlaybackEngines/WindowsStandaloneSupport/UnityEditor.WindowsStandalone.Extensions.dll
Registered in 0.031921 seconds.
Native extension for WindowsStandalone target not found
Native extension for Android target not found
Native extension for WebGL target not found
Refreshing native plugins compatible for Editor in 194.14 ms, found 4 plugins.
Preloading 0 native plugins for Editor in 0.00 ms.
Mono: successfully reloaded assembly
- Completed reload, in  2.527 seconds
Domain Reload Profiling:
	ReloadAssembly (2529ms)
		BeginReloadAssembly (372ms)
			ExecutionOrderSort (0ms)
			DisableScriptedObjects (0ms)
			BackupInstance (0ms)
			ReleaseScriptingObjects (0ms)
			CreateAndSetChildDomain (3ms)
		EndReloadAssembly (1674ms)
			LoadAssemblies (363ms)
			RebuildTransferFunctionScriptingTraits (0ms)
			SetupTypeCache (390ms)
			ReleaseScriptCaches (0ms)
			RebuildScriptCaches (114ms)
			SetupLoadedEditorAssemblies (949ms)
				LogAssemblyErrors (0ms)
				InitializePlatformSupportModulesInManaged (155ms)
				SetLoadedEditorAssemblies (1ms)
				RefreshPlugins (194ms)
				BeforeProcessingInitializeOnLoad (4ms)
				ProcessInitializeOnLoadAttributes (408ms)
				ProcessInitializeOnLoadMethodAttributes (186ms)
				AfterProcessingInitializeOnLoad (0ms)
				EditorAssembliesLoaded (0ms)
			ExecutionOrderSort2 (0ms)
			AwakeInstancesAfterBackupRestoration (0ms)
Platform modules already initialized, skipping
Registering precompiled user dll's ...
Registered in 0.023332 seconds.
Begin MonoManager ReloadAssembly
Symbol file LoadedFromMemory doesn't match image C:\Users\gd200\Desktop\GithubRepos\punch_boga\Library\PackageCache\com.unity.visualscripting@1.7.8\Editor\VisualScripting.Core\Dependencies\YamlDotNet\Unity.VisualScripting.YamlDotNet.dll
Symbol file LoadedFromMemory doesn't match image C:\Users\gd200\Desktop\GithubRepos\punch_boga\Library\PackageCache\com.unity.visualscripting@1.7.8\Editor\VisualScripting.Core\Dependencies\DotNetZip\Unity.VisualScripting.IonicZip.dll
Native extension for WindowsStandalone target not found
Native extension for Android target not found
Native extension for WebGL target not found
Refreshing native plugins compatible for Editor in 2.58 ms, found 4 plugins.
Preloading 0 native plugins for Editor in 0.00 ms.
System.Reflection.TargetException: Non-static method requires a target.
  at System.Reflection.RuntimeMethodInfo.Invoke (System.Object obj, System.Reflection.BindingFlags invokeAttr, System.Reflection.Binder binder, System.Object[] parameters, System.Globalization.CultureInfo culture) [0x00019] in <9aad1b3a47484d63ba2b3985692d80e9>:0 
  at System.Reflection.MethodBase.Invoke (System.Object obj, System.Object[] parameters) [0x00000] in <9aad1b3a47484d63ba2b3985692d80e9>:0 
  at UnityEditor.EditorAssemblies.ProcessInitializeOnLoadMethodAttributes () [0x000a5] in <0d6ce211ebbc47e1a35a84c3672ff58f>:0 
UnityEngine.StackTraceUtility:ExtractStackTrace ()
UnityEngine.DebugLogHandler:LogFormat (UnityEngine.LogType,UnityEngine.Object,string,object[])
UnityEngine.Logger:Log (UnityEngine.LogType,object)
UnityEngine.Debug:LogError (object)
UnityEditor.EditorAssemblies:ProcessInitializeOnLoadMethodAttributes ()

Mono: successfully reloaded assembly
Package Manager log level set to [2]
- Completed reload, in  3.400 seconds
Domain Reload Profiling:
	ReloadAssembly (3404ms)
		BeginReloadAssembly (464ms)
			ExecutionOrderSort (0ms)
			DisableScriptedObjects (20ms)
			BackupInstance (0ms)
			ReleaseScriptingObjects (0ms)
			CreateAndSetChildDomain (180ms)
		EndReloadAssembly (2598ms)
			LoadAssemblies (258ms)
			RebuildTransferFunctionScriptingTraits (0ms)
			SetupTypeCache (601ms)
			ReleaseScriptCaches (2ms)
			RebuildScriptCaches (180ms)
			SetupLoadedEditorAssemblies (1411ms)
				LogAssemblyErrors (0ms)
				InitializePlatformSupportModulesInManaged (53ms)
				SetLoadedEditorAssemblies (1ms)
				RefreshPlugins (3ms)
				BeforeProcessingInitializeOnLoad (284ms)
				ProcessInitializeOnLoadAttributes (941ms)
				ProcessInitializeOnLoadMethodAttributes (103ms)
				AfterProcessingInitializeOnLoad (26ms)
				EditorAssembliesLoaded (1ms)
			ExecutionOrderSort2 (0ms)
			AwakeInstancesAfterBackupRestoration (18ms)
Platform modules already initialized, skipping
========================================================================
Worker process is ready to serve import requests
Launched and connected shader compiler UnityShaderCompiler.exe after 0.13 seconds
Refreshing native plugins compatible for Editor in 2.48 ms, found 4 plugins.
Preloading 0 native plugins for Editor in 0.00 ms.
Unloading 3870 Unused Serialized files (Serialized files now loaded: 0)
Unloading 58 unused Assets / (157.6 KB). Loaded Objects now: 4339.
Memory consumption went from 146.4 MB to 146.3 MB.
Total: 13.263600 ms (FindLiveObjects: 1.140400 ms CreateObjectMapping: 0.657100 ms MarkObjects: 10.840600 ms  DeleteObjects: 0.620600 ms)

AssetImportParameters requested are different than current active one (requested -> active):
  custom:video-decoder-ogg-theora: a1e56fd34408186e4bbccfd4996cb3dc -> 
  custom:container-muxer-webm: aa71ff27fc2769a1b78a27578f13a17b -> 
  custom:container-demuxer-webm: 4f35f7cbe854078d1ac9338744f61a02 -> 
  custom:video-encoder-webm-vp8: eb34c28f22e8b96e1ab97ce403110664 -> 
  custom:audio-encoder-webm-vorbis: bf7c407c2cedff20999df2af8eb42d56 -> 
  custom:framework-win-MediaFoundation: 216162199b28c13a410421893ffa2e32 -> 
  custom:container-demuxer-ogg: 62fdf1f143b41e24485cea50d1cbac27 -> 
  custom:video-decoder-webm-vp8: 9c59270c3fd7afecdb556c50c9e8de78 -> 
  custom:audio-decoder-ogg-vorbis: bf7c407c2cedff20999df2af8eb42d56 -> 
========================================================================
Received Import Request.
  Time since last request: 487426.866023 seconds.
  path: Assets/Readme.asset
  artifactKey: Guid(7f2c382dc2c22446db59030979f6e495) Importer(815301076,1909f56bfc062723c751e8b465ee728b)
Start importing Assets/Readme.asset using Guid(7f2c382dc2c22446db59030979f6e495) Importer(815301076,1909f56bfc062723c751e8b465ee728b)  -> (artifact id: '3d17a924c9111fcd8d46c2db1ebc9921') in 0.099370 seconds 
========================================================================
Received Prepare
Registering precompiled user dll's ...
Registered in 0.024488 seconds.
Begin MonoManager ReloadAssembly
Symbol file LoadedFromMemory doesn't match image C:\Users\gd200\Desktop\GithubRepos\punch_boga\Library\PackageCache\com.unity.visualscripting@1.7.8\Editor\VisualScripting.Core\Dependencies\YamlDotNet\Unity.VisualScripting.YamlDotNet.dll
Symbol file LoadedFromMemory doesn't match image C:\Users\gd200\Desktop\GithubRepos\punch_boga\Library\PackageCache\com.unity.visualscripting@1.7.8\Editor\VisualScripting.Core\Dependencies\DotNetZip\Unity.VisualScripting.IonicZip.dll
Native extension for WindowsStandalone target not found
Native extension for Android target not found
Native extension for WebGL target not found
Refreshing native plugins compatible for Editor in 2.08 ms, found 4 plugins.
Preloading 0 native plugins for Editor in 0.00 ms.
System.Reflection.TargetException: Non-static method requires a target.
  at System.Reflection.RuntimeMethodInfo.Invoke (System.Object obj, System.Reflection.BindingFlags invokeAttr, System.Reflection.Binder binder, System.Object[] parameters, System.Globalization.CultureInfo culture) [0x00019] in <9aad1b3a47484d63ba2b3985692d80e9>:0 
  at System.Reflection.MethodBase.Invoke (System.Object obj, System.Object[] parameters) [0x00000] in <9aad1b3a47484d63ba2b3985692d80e9>:0 
  at UnityEditor.EditorAssemblies.ProcessInitializeOnLoadMethodAttributes () [0x000a5] in <0d6ce211ebbc47e1a35a84c3672ff58f>:0 
UnityEngine.StackTraceUtility:ExtractStackTrace ()
UnityEngine.DebugLogHandler:LogFormat (UnityEngine.LogType,UnityEngine.Object,string,object[])
UnityEngine.Logger:Log (UnityEngine.LogType,object)
UnityEngine.Debug:LogError (object)
UnityEditor.EditorAssemblies:ProcessInitializeOnLoadMethodAttributes ()

Mono: successfully reloaded assembly
- Completed reload, in  3.203 seconds
Domain Reload Profiling:
	ReloadAssembly (3204ms)
		BeginReloadAssembly (460ms)
			ExecutionOrderSort (0ms)
			DisableScriptedObjects (13ms)
			BackupInstance (0ms)
			ReleaseScriptingObjects (0ms)
			CreateAndSetChildDomain (134ms)
		EndReloadAssembly (2432ms)
			LoadAssemblies (318ms)
			RebuildTransferFunctionScriptingTraits (0ms)
			SetupTypeCache (670ms)
			ReleaseScriptCaches (3ms)
			RebuildScriptCaches (152ms)
			SetupLoadedEditorAssemblies (1199ms)
				LogAssemblyErrors (0ms)
				InitializePlatformSupportModulesInManaged (74ms)
				SetLoadedEditorAssemblies (1ms)
				RefreshPlugins (2ms)
				BeforeProcessingInitializeOnLoad (215ms)
				ProcessInitializeOnLoadAttributes (780ms)
				ProcessInitializeOnLoadMethodAttributes (100ms)
				AfterProcessingInitializeOnLoad (25ms)
				EditorAssembliesLoaded (1ms)
			ExecutionOrderSort2 (0ms)
			AwakeInstancesAfterBackupRestoration (18ms)
Platform modules already initialized, skipping
Refreshing native plugins compatible for Editor in 13.31 ms, found 4 plugins.
Preloading 0 native plugins for Editor in 0.00 ms.
Unloading 3864 Unused Serialized files (Serialized files now loaded: 0)
Unloading 38 unused Assets / (126.3 KB). Loaded Objects now: 4355.
Memory consumption went from 145.9 MB to 145.8 MB.
Total: 7.798800 ms (FindLiveObjects: 0.771300 ms CreateObjectMapping: 0.231700 ms MarkObjects: 6.503600 ms  DeleteObjects: 0.289100 ms)

AssetImportParameters requested are different than current active one (requested -> active):
  custom:video-decoder-ogg-theora: a1e56fd34408186e4bbccfd4996cb3dc -> 
  custom:container-muxer-webm: aa71ff27fc2769a1b78a27578f13a17b -> 
  custom:container-demuxer-webm: 4f35f7cbe854078d1ac9338744f61a02 -> 
  custom:video-encoder-webm-vp8: eb34c28f22e8b96e1ab97ce403110664 -> 
  custom:audio-encoder-webm-vorbis: bf7c407c2cedff20999df2af8eb42d56 -> 
  custom:framework-win-MediaFoundation: 216162199b28c13a410421893ffa2e32 -> 
  custom:container-demuxer-ogg: 62fdf1f143b41e24485cea50d1cbac27 -> 
  custom:video-decoder-webm-vp8: 9c59270c3fd7afecdb556c50c9e8de78 -> 
  custom:audio-decoder-ogg-vorbis: bf7c407c2cedff20999df2af8eb42d56 -> 
========================================================================
Received Import Request.
  Time since last request: 671.890924 seconds.
  path: Assets/Invector-3rdPersonController/Basic Locomotion/HUD/keyboardIcons/ActionButton@Keyboard.png
  artifactKey: Guid(9dc1b1e35a44b5a4da340dd179166361) Importer(815301076,1909f56bfc062723c751e8b465ee728b)
Start importing Assets/Invector-3rdPersonController/Basic Locomotion/HUD/keyboardIcons/ActionButton@Keyboard.png using Guid(9dc1b1e35a44b5a4da340dd179166361) Importer(815301076,1909f56bfc062723c751e8b465ee728b)  -> (artifact id: '2ccd55db9156ffc91bc432abbe31fb32') in 0.479688 seconds 
========================================================================
Received Import Request.
  Time since last request: 0.000120 seconds.
  path: Assets/ControlsIcons/attack.png
  artifactKey: Guid(97a1cde6eae117c4a9474fbb1cf8d58c) Importer(815301076,1909f56bfc062723c751e8b465ee728b)
Start importing Assets/ControlsIcons/attack.png using Guid(97a1cde6eae117c4a9474fbb1cf8d58c) Importer(815301076,1909f56bfc062723c751e8b465ee728b)  -> (artifact id: '076089027674b2152d47e22bc520c1a0') in 0.080257 seconds 
========================================================================
Received Import Request.
  Time since last request: 0.000255 seconds.
  path: Assets/Invector-3rdPersonController/ItemManager/Icons/Shooter/ammoHandgunIcon.gif
  artifactKey: Guid(467534c8a4b5f64458c136966999099f) Importer(815301076,1909f56bfc062723c751e8b465ee728b)
Start importing Assets/Invector-3rdPersonController/ItemManager/Icons/Shooter/ammoHandgunIcon.gif using Guid(467534c8a4b5f64458c136966999099f) Importer(815301076,1909f56bfc062723c751e8b465ee728b)  -> (artifact id: '2b15e87854dbc5a3bf71556c6a33217f') in 0.122267 seconds 
========================================================================
Received Import Request.
  Time since last request: 0.000142 seconds.
  path: Assets/Invector-3rdPersonController/ItemManager/Icons/Shooter/ammoRifleIcon.gif
  artifactKey: Guid(c22a82fa12a491e45bd0dbe501e5233b) Importer(815301076,1909f56bfc062723c751e8b465ee728b)
Start importing Assets/Invector-3rdPersonController/ItemManager/Icons/Shooter/ammoRifleIcon.gif using Guid(c22a82fa12a491e45bd0dbe501e5233b) Importer(815301076,1909f56bfc062723c751e8b465ee728b)  -> (artifact id: '40671cbc7c14d4f76bd3ba14df3e0850') in 0.106863 seconds 
========================================================================
Received Import Request.
  Time since last request: 1.348844 seconds.
  path: Assets/Invector-3rdPersonController/ItemManager/Icons/back_icon.png
  artifactKey: Guid(1bcab9c339a8f8c46b587893e549f204) Importer(815301076,1909f56bfc062723c751e8b465ee728b)
Start importing Assets/Invector-3rdPersonController/ItemManager/Icons/back_icon.png using Guid(1bcab9c339a8f8c46b587893e549f204) Importer(815301076,1909f56bfc062723c751e8b465ee728b)  -> (artifact id: '240585dc128a50401c3591cd80c5df7d') in 0.067423 seconds 
========================================================================
Received Import Request.
  Time since last request: 1.016525 seconds.
  path: Assets/Invector-3rdPersonController/ItemManager/Icons/blockIcon.png
  artifactKey: Guid(40ff21d17d67df94eb09974b66361d6a) Importer(815301076,1909f56bfc062723c751e8b465ee728b)
Start importing Assets/Invector-3rdPersonController/ItemManager/Icons/blockIcon.png using Guid(40ff21d17d67df94eb09974b66361d6a) Importer(815301076,1909f56bfc062723c751e8b465ee728b)  -> (artifact id: 'b7c395427a9ab4b6bd5a6102581b5b10') in 0.096269 seconds 
========================================================================
Received Import Request.
  Time since last request: 0.406264 seconds.
  path: Assets/Invector-3rdPersonController/Basic Locomotion/Resources/circle.png
  artifactKey: Guid(a8e6fbe3fbd38014294c948853c1e3ed) Importer(815301076,1909f56bfc062723c751e8b465ee728b)
Start importing Assets/Invector-3rdPersonController/Basic Locomotion/Resources/circle.png using Guid(a8e6fbe3fbd38014294c948853c1e3ed) Importer(815301076,1909f56bfc062723c751e8b465ee728b)  -> (artifact id: '772afce9eb4f3a09bf5a8e643e44c0f2') in 0.103126 seconds 
========================================================================
Received Import Request.
  Time since last request: 1.032956 seconds.
  path: Assets/Invector-3rdPersonController/ItemManager/Icons/Melee/consumable_area.png
  artifactKey: Guid(e60fbeee962473a4bb627f9d7dc341b0) Importer(815301076,1909f56bfc062723c751e8b465ee728b)
Start importing Assets/Invector-3rdPersonController/ItemManager/Icons/Melee/consumable_area.png using Guid(e60fbeee962473a4bb627f9d7dc341b0) Importer(815301076,1909f56bfc062723c751e8b465ee728b)  -> (artifact id: '01e3608e0937306dc687c757d29b5251') in 0.076641 seconds 
========================================================================
Received Import Request.
  Time since last request: 17.755862 seconds.
  path: Assets/ControlsIcons/double-tap.png
  artifactKey: Guid(f545d77615591684293cca9dc7f3fc7c) Importer(815301076,1909f56bfc062723c751e8b465ee728b)
Start importing Assets/ControlsIcons/double-tap.png using Guid(f545d77615591684293cca9dc7f3fc7c) Importer(815301076,1909f56bfc062723c751e8b465ee728b)  -> (artifact id: '6f5587b1108fa6eb76be95c98d2cae9d') in 0.084830 seconds 
========================================================================
Received Import Request.
  Time since last request: 0.000112 seconds.
  path: Assets/Invector-3rdPersonController/ItemManager/Textures/equipSlot.png
  artifactKey: Guid(efbb5aef7691ecf409479e6bad3d703e) Importer(815301076,1909f56bfc062723c751e8b465ee728b)
Start importing Assets/Invector-3rdPersonController/ItemManager/Textures/equipSlot.png using Guid(efbb5aef7691ecf409479e6bad3d703e) Importer(815301076,1909f56bfc062723c751e8b465ee728b)  -> (artifact id: '8f72308ebd984600d2d007bf5530ce57') in 0.093973 seconds 
========================================================================
Received Import Request.
  Time since last request: 0.000110 seconds.
  path: Assets/Invector-3rdPersonController/Basic Locomotion/HUD/keyboardIcons/keyboardControls_v2.png
  artifactKey: Guid(ea0d838cbf6720f4e8559bf42912aa62) Importer(815301076,1909f56bfc062723c751e8b465ee728b)
Start importing Assets/Invector-3rdPersonController/Basic Locomotion/HUD/keyboardIcons/keyboardControls_v2.png using Guid(ea0d838cbf6720f4e8559bf42912aa62) Importer(815301076,1909f56bfc062723c751e8b465ee728b)  -> (artifact id: 'dbd15396f3acda02d5b708cfda9c12c0') in 0.248710 seconds 
========================================================================
Received Import Request.
  Time since last request: 0.000146 seconds.
  path: Assets/Invector-3rdPersonController/ItemManager/Textures/Keyboard_Black_I.png
  artifactKey: Guid(7b03cee1b4c74434e952bd611f55d002) Importer(815301076,1909f56bfc062723c751e8b465ee728b)
Start importing Assets/Invector-3rdPersonController/ItemManager/Textures/Keyboard_Black_I.png using Guid(7b03cee1b4c74434e952bd611f55d002) Importer(815301076,1909f56bfc062723c751e8b465ee728b)  -> (artifact id: 'e04062c0faa08886679419a46183a448') in 0.093444 seconds 
========================================================================
Received Import Request.
  Time since last request: 0.000107 seconds.
  path: Assets/Invector-3rdPersonController/ItemManager/Icons/Dpad.png
  artifactKey: Guid(3e4fbf5ec8727eb48b1e532415f8a334) Importer(815301076,1909f56bfc062723c751e8b465ee728b)
Start importing Assets/Invector-3rdPersonController/ItemManager/Icons/Dpad.png using Guid(3e4fbf5ec8727eb48b1e532415f8a334) Importer(815301076,1909f56bfc062723c751e8b465ee728b)  -> (artifact id: 'a26ef7245f4e2cb52761b6b2433f5531') in 0.068408 seconds 
========================================================================
Received Import Request.
  Time since last request: 0.000109 seconds.
  path: Assets/Invector-3rdPersonController/ItemManager/Icons/Melee/greatShield.png
  artifactKey: Guid(4a46b7c6ff6f17a4a95bfb58b3397585) Importer(815301076,1909f56bfc062723c751e8b465ee728b)
Start importing Assets/Invector-3rdPersonController/ItemManager/Icons/Melee/greatShield.png using Guid(4a46b7c6ff6f17a4a95bfb58b3397585) Importer(815301076,1909f56bfc062723c751e8b465ee728b)  -> (artifact id: '0be3f6a29deac087ca2d3690898a601e') in 0.111686 seconds 
========================================================================
Received Import Request.
  Time since last request: 0.000111 seconds.
  path: Assets/Invector-3rdPersonController/Basic Locomotion/HUD/mobile/lineDark06.png
  artifactKey: Guid(b7fadf3c6a3726645b18439c1b32de28) Importer(815301076,1909f56bfc062723c751e8b465ee728b)
Start importing Assets/Invector-3rdPersonController/Basic Locomotion/HUD/mobile/lineDark06.png using Guid(b7fadf3c6a3726645b18439c1b32de28) Importer(815301076,1909f56bfc062723c751e8b465ee728b)  -> (artifact id: 'fcb5e0dab3920d9d7eb4624943127ad3') in 0.097469 seconds 
========================================================================
Received Import Request.
  Time since last request: 1.030326 seconds.
  path: Assets/Invector-3rdPersonController/ItemManager/Icons/vKeyCards.png
  artifactKey: Guid(72f7d3138d397a94d82105b26272e764) Importer(815301076,1909f56bfc062723c751e8b465ee728b)
Start importing Assets/Invector-3rdPersonController/ItemManager/Icons/vKeyCards.png using Guid(72f7d3138d397a94d82105b26272e764) Importer(815301076,1909f56bfc062723c751e8b465ee728b)  -> (artifact id: 'f4c63305c6fe15b68537cdbad1e71215') in 0.153362 seconds 
========================================================================
Received Import Request.
  Time since last request: 0.254849 seconds.
  path: Assets/Invector-3rdPersonController/ItemManager/Icons/Melee/V_potion_mana.png
  artifactKey: Guid(686309ee74ddecf4881a11c0f29efcc6) Importer(815301076,1909f56bfc062723c751e8b465ee728b)
Start importing Assets/Invector-3rdPersonController/ItemManager/Icons/Melee/V_potion_mana.png using Guid(686309ee74ddecf4881a11c0f29efcc6) Importer(815301076,1909f56bfc062723c751e8b465ee728b)  -> (artifact id: '9c01f0c2c9ff14a148589948a658c12c') in 0.111793 seconds 
========================================================================
Received Import Request.
  Time since last request: 1.584367 seconds.
  path: Assets/Invector-3rdPersonController/ItemManager/Icons/Melee/shooter_area.png
  artifactKey: Guid(7d647db06c901bd44af4ddee4d3a9057) Importer(815301076,1909f56bfc062723c751e8b465ee728b)
Start importing Assets/Invector-3rdPersonController/ItemManager/Icons/Melee/shooter_area.png using Guid(7d647db06c901bd44af4ddee4d3a9057) Importer(815301076,1909f56bfc062723c751e8b465ee728b)  -> (artifact id: '02aa7583ef3e3b3a0539079b4244c5b2') in 0.094123 seconds 
========================================================================
Received Import Request.
  Time since last request: 0.071389 seconds.
  path: Assets/Invector-3rdPersonController/ItemManager/Icons/Melee/shield.png
  artifactKey: Guid(40e348f6451ddf7438089a59a033e57f) Importer(815301076,1909f56bfc062723c751e8b465ee728b)
Start importing Assets/Invector-3rdPersonController/ItemManager/Icons/Melee/shield.png using Guid(40e348f6451ddf7438089a59a033e57f) Importer(815301076,1909f56bfc062723c751e8b465ee728b)  -> (artifact id: '167caa6899c461ab14e896f82cbb3ede') in 0.089071 seconds 
========================================================================
Received Import Request.
  Time since last request: 0.193822 seconds.
  path: Assets/Invector-3rdPersonController/ItemManager/Icons/Shooter/rpgIcon.png
  artifactKey: Guid(89ba1f6f55195c944aad86c1767dfe52) Importer(815301076,1909f56bfc062723c751e8b465ee728b)
Start importing Assets/Invector-3rdPersonController/ItemManager/Icons/Shooter/rpgIcon.png using Guid(89ba1f6f55195c944aad86c1767dfe52) Importer(815301076,1909f56bfc062723c751e8b465ee728b)  -> (artifact id: 'bc4668818d3c54a993ae682f7d53ff4c') in 0.077239 seconds 
========================================================================
Received Import Request.
  Time since last request: 0.756512 seconds.
  path: Assets/Invector-3rdPersonController/Melee Combat/Resources/meleeLogo.png
  artifactKey: Guid(bd0016d65407db7428ef203c702535b5) Importer(815301076,1909f56bfc062723c751e8b465ee728b)
Start importing Assets/Invector-3rdPersonController/Melee Combat/Resources/meleeLogo.png using Guid(bd0016d65407db7428ef203c702535b5) Importer(815301076,1909f56bfc062723c751e8b465ee728b)  -> (artifact id: 'f14830e215c5bc213f45117e313b6ad0') in 0.111970 seconds 
========================================================================
Received Import Request.
  Time since last request: 0.158822 seconds.
  path: Assets/Invector-3rdPersonController/Melee Combat/Scripts/LockOn/Textures/lockOnSprite.png
  artifactKey: Guid(b10e654cb30db34489b832dbfbb54370) Importer(815301076,1909f56bfc062723c751e8b465ee728b)
Start importing Assets/Invector-3rdPersonController/Melee Combat/Scripts/LockOn/Textures/lockOnSprite.png using Guid(b10e654cb30db34489b832dbfbb54370) Importer(815301076,1909f56bfc062723c751e8b465ee728b)  -> (artifact id: '3f21f5c6b941fb54e413043346e21d15') in 0.082349 seconds 
========================================================================
Received Import Request.
  Time since last request: 1.017354 seconds.
  path: Assets/ControlsIcons/joystick 1.png
  artifactKey: Guid(933520f9749462640869210908a48da7) Importer(815301076,1909f56bfc062723c751e8b465ee728b)
Start importing Assets/ControlsIcons/joystick 1.png using Guid(933520f9749462640869210908a48da7) Importer(815301076,1909f56bfc062723c751e8b465ee728b)  -> (artifact id: '6637cc53073d071f65766bf933c57462') in 0.078023 seconds 
========================================================================
Received Import Request.
  Time since last request: 2.521050 seconds.
  path: Assets/Invector-3rdPersonController/Basic Locomotion/Resources/hightlightBox.png
  artifactKey: Guid(5dfcf9622f12816418d439efe678683a) Importer(815301076,1909f56bfc062723c751e8b465ee728b)
Start importing Assets/Invector-3rdPersonController/Basic Locomotion/Resources/hightlightBox.png using Guid(5dfcf9622f12816418d439efe678683a) Importer(815301076,1909f56bfc062723c751e8b465ee728b)  -> (artifact id: 'e6bff0f09d85b326bd79e26c46b91d41') in 0.067746 seconds 
Editor requested this worker to shutdown with reason: Scaling down because of idle timeout
AssetImportWorker is now disconnected from the server
Process exiting
Exiting without the bug reporter. Application will terminate with return code 0